<?xml version="1.0" encoding="UTF-8"?>
<!-- Generated by org.testng.reporters.JUnitXMLReporter -->
<testsuite ignored="0" hostname="LAPTOP-E0HTDIFK" failures="0" tests="13" name="Parallel UI and API Tests" time="157.366" errors="0" timestamp="2026-05-31T01:00:37 IST">
  <testcase classname="com.practice.notes.runner.ApiTestRunner" name="runScenario" time="7.341"/>
  <testcase classname="com.practice.notes.runner.ApiTestRunner" name="runScenario" time="4.264"/>
  <testcase classname="com.practice.notes.runner.ApiTestRunner" name="runScenario" time="4.992"/>
  <testcase classname="com.practice.notes.runner.UiTestRunner" name="runScenario" time="18.881"/>
  <testcase classname="com.practice.notes.runner.ApiTestRunner" name="runScenario" time="3.055"/>
  <testcase classname="com.practice.notes.runner.ApiTestRunner" name="runScenario" time="4.35"/>
  <testcase classname="com.practice.notes.runner.ApiTestRunner" name="runScenario" time="2.712"/>
  <testcase classname="com.practice.notes.runner.ApiTestRunner" name="runScenario" time="1.742"/>
  <testcase classname="com.practice.notes.runner.UiTestRunner" name="runScenario" time="20.768"/>
  <testcase classname="com.practice.notes.runner.UiTestRunner" name="runScenario" time="29.143"/>
  <testcase classname="com.practice.notes.runner.UiTestRunner" name="runScenario" time="21.856"/>
  <testcase classname="com.practice.notes.runner.UiTestRunner" name="runScenario" time="26.139"/>
  <testcase classname="com.practice.notes.runner.UiTestRunner" name="runScenario" time="39.119"/>
</testsuite> <!-- Parallel UI and API Tests -->
