<?xml version="1.0" encoding="UTF-8"?>
<!-- Generated by org.testng.reporters.JUnitXMLReporter -->
<testsuite ignored="0" hostname="LAPTOP-E0HTDIFK" failures="0" tests="5" name="Serial E2E Tests" time="169.574" errors="0" timestamp="2026-05-31T01:03:27 IST">
  <testcase classname="com.practice.notes.runner.E2eTestRunner" name="runScenario" time="37.021"/>
  <testcase classname="com.practice.notes.runner.E2eTestRunner" name="runScenario" time="38.886"/>
  <testcase classname="com.practice.notes.runner.E2eTestRunner" name="runScenario" time="24.558"/>
  <testcase classname="com.practice.notes.runner.E2eTestRunner" name="runScenario" time="31.201"/>
  <testcase classname="com.practice.notes.runner.E2eTestRunner" name="runScenario" time="37.809"/>
</testsuite> <!-- Serial E2E Tests -->
