<?xml version="1.0" encoding="UTF-8"?>
<testsuite xmlns:xsi="http://www.w3.org/2001/XMLSchema-instance" xsi:noNamespaceSchemaLocation="https://maven.apache.org/surefire/maven-surefire-plugin/xsd/surefire-test-report-3.0.xsd" version="3.0" name="TestSuite" time="328.837" tests="18" errors="0" skipped="0" failures="0">
  <properties>
[...]
</properties>
  <testcase name="runScenario[&quot;Validate GET notes returns list and responds within 2 seconds (Scenario C)&quot;, &quot;API Scenarios&quot;](1)" classname="com.practice.notes.runner.ApiTestRunner" time="7.342">
    <system-out><![CDATA[
@api
Scenario: Validate GET notes returns list and responds within 2 seconds (Scenario C) &amp#27;[90m# src/test/resources/features/api/notes_api.feature:5&amp#27;[0m

@ui
Scenario: Validate successful login via UI with credentials (Scenario A) &amp#27;[90m# src/test/resources/features/ui/notes_ui.feature:5&amp#27;[0m
Ensured UI/E2E user 'ansh@gmail.com' exists.
Ensured API user 'ansh_api@gmail.com' exists.
Cleaned up all existing notes for 'ansh_api@gmail.com' to guarantee a pristine database state.
Cleaned up all existing notes for 'ansh@gmail.com' to guarantee a pristine database state.
  &amp#27;[32mGiven &amp#27;[0m&amp#27;[32mI log in via API with credentials from config&amp#27;[0m                                &amp#27;[90m# com.practice.notes.stepdefinitions.NoteApiSteps.iLogInViaApiFromConfig()&amp#27;[0m
API Response time: 430 ms (Calculated: 436 ms)
  &amp#27;[32mWhen &amp#27;[0m&amp#27;[32mI retrieve all my notes via API with the authorization token&amp#27;[0m                  &amp#27;[90m# com.practice.notes.stepdefinitions.NoteApiSteps.iRetrieveAllNotesViaApi()&amp#27;[0m
  &amp#27;[32mThen &amp#27;[0m&amp#27;[32mthe response status code should be &amp#27;[0m&amp#27;[32m&amp#27;[1m200&amp#27;[0m                                        &amp#27;[90m# com.practice.notes.stepdefinitions.NoteApiSteps.theResponseStatusCodeShouldBe(int)&amp#27;[0m
  &amp#27;[32mAnd &amp#27;[0m&amp#27;[32mthe response body should contain the notes &amp#27;[0m&amp#27;[32m&amp#27;[1m"data"&amp#27;[0m&amp#27;[32m array&amp#27;[0m                        &amp#27;[90m# com.practice.notes.stepdefinitions.NoteApiSteps.responseBodyShouldContainNotesArray(java.lang.String)&amp#27;[0m
REST Assured measured time: 430 ms
[PERFORMANCE-API] 2026-05-31 00:58:08.829 | [API] | Scenario: Validate GET notes returns list and responds within 2 seconds (Scenario C) | Endpoint: GET /notes | Response Time: 430 ms
  &amp#27;[32mAnd &amp#27;[0m&amp#27;[32mthe API response time should be less than &amp#27;[0m&amp#27;[32m&amp#27;[1m2000&amp#27;[0m&amp#27;[32m milliseconds&amp#27;[0m                    &amp#27;[90m# com.practice.notes.stepdefinitions.NoteApiSteps.apiResponseTimeShouldBeLessThan(int)&amp#27;[0m
]]></system-out>
    <system-err><![CDATA[SLF4J: Failed to load class "org.slf4j.impl.StaticLoggerBinder".
SLF4J: Defaulting to no-operation (NOP) logger implementation
SLF4J: See http://www.slf4j.org/codes.html#StaticLoggerBinder for further details.
]]></system-err>
  </testcase>
  <testcase name="runScenario[&quot;Validate note deletion via DELETE notes ID (Scenario D)&quot;, &quot;API Scenarios&quot;](2)" classname="com.practice.notes.runner.ApiTestRunner" time="4.265">
    <system-out><![CDATA[
@api
Scenario: Validate note deletion via DELETE notes ID (Scenario D)            &amp#27;[90m# src/test/resources/features/api/notes_api.feature:12&amp#27;[0m
Cleaned up all existing notes for 'ansh_api@gmail.com' to guarantee a pristine database state.
  &amp#27;[32mGiven &amp#27;[0m&amp#27;[32mI log in via API with credentials from config&amp#27;[0m                        &amp#27;[90m# com.practice.notes.stepdefinitions.NoteApiSteps.iLogInViaApiFromConfig()&amp#27;[0m
  &amp#27;[32mAnd &amp#27;[0m&amp#27;[32mI have at least one note created via API using temp note config data&amp#27;[0m   &amp#27;[90m# com.practice.notes.stepdefinitions.NoteApiSteps.iHaveAtLeastOneNoteCreatedViaApiFromConfig()&amp#27;[0m
Retrieved note ID: 6a1b3a4b51ccbd0297d56d8d for note 'Temp Note for Deletion'
  &amp#27;[32mWhen &amp#27;[0m&amp#27;[32mI retrieve the ID of the temp note from config&amp#27;[0m                        &amp#27;[90m# com.practice.notes.stepdefinitions.NoteApiSteps.iRetrieveIdOfTempNoteFromConfig()&amp#27;[0m
  &amp#27;[32mAnd &amp#27;[0m&amp#27;[32mI delete the note with that retrieved ID via API&amp#27;[0m                       &amp#27;[90m# com.practice.notes.stepdefinitions.NoteApiSteps.iDeleteNoteWithRetrievedId()&amp#27;[0m
  &amp#27;[32mThen &amp#27;[0m&amp#27;[32mthe note deletion response status code should be &amp#27;[0m&amp#27;[32m&amp#27;[1m200&amp#27;[0m                  &amp#27;[90m# com.practice.notes.stepdefinitions.NoteApiSteps.noteDeletionResponseStatusShouldBe(int)&amp#27;[0m
  &amp#27;[32mAnd &amp#27;[0m&amp#27;[32mthe temp note from config should be absent from the GET notes API list&amp#27;[0m &amp#27;[90m# com.practice.notes.stepdefinitions.NoteApiSteps.tempNoteFromConfigShouldBeAbsent()&amp#27;[0m
]]></system-out>
    <system-err><![CDATA[May 31, 2026 12:58:10 AM org.openqa.selenium.devtools.CdpVersionFinder findNearestMatch
WARNING: Unable to find CDP implementation matching 148
May 31, 2026 12:58:10 AM org.openqa.selenium.chromium.ChromiumDriver lambda$new$5
WARNING: Unable to find version of CDP to use for 148.0.7778.217. You may need to include a dependency on a specific version of the CDP using something similar to `org.seleniumhq.selenium:selenium-devtools-v86:4.18.1` where the version ("v86") matches the version of the chromium-based browser you're using and the version number of the artifact is the same as Selenium's.
]]></system-err>
  </testcase>
  <testcase name="runScenario[&quot;Validate note count in GET notes increases by 1 after creating a new note (Scenario L-API)&quot;, &quot;API Scenarios&quot;](3)" classname="com.practice.notes.runner.ApiTestRunner" time="4.992">
    <system-out><![CDATA[
@api
Scenario: Validate note count in GET notes increases by 1 after creating a new note (Scenario L-API) &amp#27;[90m# src/test/resources/features/api/notes_api.feature:22&amp#27;[0m
  &amp#27;[32mGiven &amp#27;[0m&amp#27;[32mI open the Notes App home page&amp#27;[0m                                   &amp#27;[90m# com.practice.notes.stepdefinitions.CommonUiSteps.iOpenNotesAppHomePage()&amp#27;[0m
Cleaned up all existing notes for 'ansh_api@gmail.com' to guarantee a pristine database state.
  &amp#27;[32mGiven &amp#27;[0m&amp#27;[32mI log in via API with credentials from config&amp#27;[0m                                                &amp#27;[90m# com.practice.notes.stepdefinitions.NoteApiSteps.iLogInViaApiFromConfig()&amp#27;[0m
Recorded baseline note count: 0
  &amp#27;[32mAnd &amp#27;[0m&amp#27;[32mI record the current note count from the API&amp#27;[0m                                                   &amp#27;[90m# com.practice.notes.stepdefinitions.NoteApiSteps.iRecordCurrentNoteCountFromApi()&amp#27;[0m
  &amp#27;[32mWhen &amp#27;[0m&amp#27;[32mI create a note via API using temp note config data&amp#27;[0m                                           &amp#27;[90m# com.practice.notes.stepdefinitions.NoteApiSteps.iCreateNoteViaApiFromConfig()&amp#27;[0m
[PERFORMANCE-UI] 2026-05-31 00:58:17.896 | [UI]  | Scenario: Validate successful login via UI with credentials (Scenario A) | Page: Home Page | Navigation Time: 5528 ms | DOM Ready Time: 1086 ms
  &amp#27;[32mAnd &amp#27;[0m&amp#27;[32mI measure and log UI performance timings for &amp#27;[0m&amp#27;[32m&amp#27;[1m"Home Page"&amp#27;[0m           &amp#27;[90m# com.practice.notes.stepdefinitions.CommonUiSteps.iMeasureAndLogUiPerformanceTimingsFor(java.lang.String)&amp#27;[0m
Note count — before: 0, after: 1
  &amp#27;[32mThen &amp#27;[0m&amp#27;[32mthe note count from the API should have increased by &amp#27;[0m&amp#27;[32m&amp#27;[1m1&amp#27;[0m                                        &amp#27;[90m# com.practice.notes.stepdefinitions.NoteApiSteps.noteCountShouldHaveIncreasedBy(int)&amp#27;[0m
]]></system-out>
  </testcase>
  <testcase name="runScenario[&quot;Validate POST notes response time is less than 3000 milliseconds (Scenario M-API)&quot;, &quot;API Scenarios&quot;](4)" classname="com.practice.notes.runner.ApiTestRunner" time="0.783">
    <system-out><![CDATA[
@ui
Scenario: Validate note creation via UI and immediate appearance in list (Scenario B)                       &amp#27;[90m# src/test/resources/features/ui/notes_ui.feature:14&amp#27;[0m
  &amp#27;[32mGiven &amp#27;[0m&amp#27;[32mI log in via API with credentials from config&amp#27;[0m                                       &amp#27;[90m# com.practice.notes.stepdefinitions.NoteApiSteps.iLogInViaApiFromConfig()&amp#27;[0m
POST /notes response time: 762 ms
  &amp#27;[32mWhen &amp#27;[0m&amp#27;[32mI create a note via API using temp note config data and record the response time&amp#27;[0m     &amp#27;[90m# com.practice.notes.stepdefinitions.NoteApiSteps.iCreateNoteFromConfigAndRecordTime()&amp#27;[0m
[PERFORMANCE-API] 2026-05-31 00:58:21.165 | [API] | Scenario: Validate POST notes response time is less than 3000 milliseconds (Scenario M-API) | Endpoint: POST /notes | Response Time: 762 ms
  &amp#27;[32mThen &amp#27;[0m&amp#27;[32mthe POST notes API response time should be less than &amp#27;[0m&amp#27;[32m&amp#27;[1m3000&amp#27;[0m&amp#27;[32m milliseconds&amp#27;[0m               &amp#27;[90m# com.practice.notes.stepdefinitions.NoteApiSteps.postNotesResponseTimeShouldBeLessThan(int)&amp#27;[0m
]]></system-out>
  </testcase>
  <testcase name="runScenario[&quot;Validate DELETE notes response time is less than 3000 milliseconds (Scenario N-API)&quot;, &quot;API Scenarios&quot;](5)" classname="com.practice.notes.runner.ApiTestRunner" time="4.352">
    <system-out><![CDATA[
@api
Scenario: Validate DELETE notes response time is less than 3000 milliseconds (Scenario N-API) &amp#27;[90m# src/test/resources/features/api/notes_api.feature:33&amp#27;[0m
Cleaned up all existing notes for 'ansh@gmail.com' to guarantee a pristine database state.
Cleaned up all existing notes for 'ansh_api@gmail.com' to guarantee a pristine database state.
  &amp#27;[32mGiven &amp#27;[0m&amp#27;[32mI log in via API with credentials from config&amp#27;[0m                                         &amp#27;[90m# com.practice.notes.stepdefinitions.NoteApiSteps.iLogInViaApiFromConfig()&amp#27;[0m
  &amp#27;[32mAnd &amp#27;[0m&amp#27;[32mI have at least one note created via API using temp note config data&amp#27;[0m                    &amp#27;[90m# com.practice.notes.stepdefinitions.NoteApiSteps.iHaveAtLeastOneNoteCreatedViaApiFromConfig()&amp#27;[0m
Retrieved note ID: 6a1b3a5851ccbd0297d56dda for note 'Temp Note for Deletion'
  &amp#27;[32mWhen &amp#27;[0m&amp#27;[32mI retrieve the ID of the temp note from config&amp#27;[0m                                         &amp#27;[90m# com.practice.notes.stepdefinitions.NoteApiSteps.iRetrieveIdOfTempNoteFromConfig()&amp#27;[0m
DELETE /notes/{id} response time: 584 ms
  &amp#27;[32mAnd &amp#27;[0m&amp#27;[32mI delete the note with that retrieved ID via API and record the response time&amp#27;[0m           &amp#27;[90m# com.practice.notes.stepdefinitions.NoteApiSteps.iDeleteNoteWithRetrievedIdAndRecordTime()&amp#27;[0m
[PERFORMANCE-API] 2026-05-31 00:58:25.510 | [API] | Scenario: Validate DELETE notes response time is less than 3000 milliseconds (Scenario N-API) | Endpoint: DELETE /notes/{id} | Response Time: 584 ms
  &amp#27;[32mThen &amp#27;[0m&amp#27;[32mthe DELETE notes API response time should be less than &amp#27;[0m&amp#27;[32m&amp#27;[1m3000&amp#27;[0m&amp#27;[32m milliseconds&amp#27;[0m               &amp#27;[90m# com.practice.notes.stepdefinitions.NoteApiSteps.deleteNotesResponseTimeShouldBeLessThan(int)&amp#27;[0m
]]></system-out>
    <system-err><![CDATA[May 31, 2026 12:58:22 AM org.openqa.selenium.devtools.CdpVersionFinder findNearestMatch
WARNING: Unable to find CDP implementation matching 148
May 31, 2026 12:58:22 AM org.openqa.selenium.chromium.ChromiumDriver lambda$new$5
WARNING: Unable to find version of CDP to use for 148.0.7778.217. You may need to include a dependency on a specific version of the CDP using something similar to `org.seleniumhq.selenium:selenium-devtools-v86:4.18.1` where the version ("v86") matches the version of the chromium-based browser you're using and the version number of the artifact is the same as Selenium's.
]]></system-err>
  </testcase>
  <testcase name="runScenario[&quot;Validate DELETE notes returns 404 for a non-existent note ID (Scenario O-API)&quot;, &quot;API Scenarios&quot;](6)" classname="com.practice.notes.runner.ApiTestRunner" time="2.712">
    <system-out><![CDATA[
@api @negative
Scenario: Validate DELETE notes returns 404 for a non-existent note ID (Scenario O-API) &amp#27;[90m# src/test/resources/features/api/notes_api.feature:41&amp#27;[0m
  &amp#27;[32mGiven &amp#27;[0m&amp#27;[32mI am successfully logged in to the UI dashboard with email &amp#27;[0m&amp#27;[32m&amp#27;[1m"ansh@gmail.com"&amp#27;[0m&amp#27;[32m and password &amp#27;[0m&amp#27;[32m&amp#27;[1m"12345678"&amp#27;[0m &amp#27;[90m# com.practice.notes.stepdefinitions.CommonUiSteps.iAmSuccessfullyLoggedInToUi(java.lang.String,java.lang.String)&amp#27;[0m
Cleaned up all existing notes for 'ansh_api@gmail.com' to guarantee a pristine database state.
  &amp#27;[32mGiven &amp#27;[0m&amp#27;[32mI log in via API with credentials from config&amp#27;[0m                                   &amp#27;[90m# com.practice.notes.stepdefinitions.NoteApiSteps.iLogInViaApiFromConfig()&amp#27;[0m
  &amp#27;[32mWhen &amp#27;[0m&amp#27;[32mI click the &amp#27;[0m&amp#27;[32m&amp#27;[1m"+ Add Note"&amp#27;[0m&amp#27;[32m button&amp#27;[0m                                                                      &amp#27;[90m# com.practice.notes.stepdefinitions.CommonUiSteps.iClickAddNoteButton(java.lang.String)&amp#27;[0m
[CommonUiSteps] Set category to: Work (React-safe native setter)
  &amp#27;[32mAnd &amp#27;[0m&amp#27;[32mI select Category &amp#27;[0m&amp#27;[32m&amp#27;[1m"Work"&amp#27;[0m&amp#27;[32m on the form&amp#27;[0m                                                                  &amp#27;[90m# com.practice.notes.stepdefinitions.CommonUiSteps.iSelectCategory(java.lang.String)&amp#27;[0m
[CommonUiSteps] Title set to: Capstone Test Note
  &amp#27;[32mAnd &amp#27;[0m&amp#27;[32mI enter Title &amp#27;[0m&amp#27;[32m&amp#27;[1m"Capstone Test Note"&amp#27;[0m&amp#27;[32m on the form&amp#27;[0m                                                        &amp#27;[90m# com.practice.notes.stepdefinitions.CommonUiSteps.iEnterTitle(java.lang.String)&amp#27;[0m
[CommonUiSteps] Description set to: Automation testing note for capstone TC-UI-02
  &amp#27;[32mAnd &amp#27;[0m&amp#27;[32mI enter Description &amp#27;[0m&amp#27;[32m&amp#27;[1m"Automation testing note for capstone TC-UI-02"&amp#27;[0m&amp#27;[32m on the form&amp#27;[0m                       &amp#27;[90m# com.practice.notes.stepdefinitions.CommonUiSteps.iEnterDescription(java.lang.String)&amp#27;[0m
DELETE non-existent note status: 404
  &amp#27;[32mWhen &amp#27;[0m&amp#27;[32mI attempt to delete a note with a non-existent ID via API&amp#27;[0m                        &amp#27;[90m# com.practice.notes.stepdefinitions.NoteApiSteps.iAttemptToDeleteNoteWithNonExistentId()&amp#27;[0m
  &amp#27;[32mThen &amp#27;[0m&amp#27;[32mthe delete response status code should be &amp#27;[0m&amp#27;[32m&amp#27;[1m404&amp#27;[0m                                    &amp#27;[90m# com.practice.notes.stepdefinitions.NoteApiSteps.deleteResponseStatusCodeShouldBe(int)&amp#27;[0m
]]></system-out>
  </testcase>
  <testcase name="runScenario[&quot;Validate API returns 401 when using an invalid auth token (Scenario P-API)&quot;, &quot;API Scenarios&quot;](7)" classname="com.practice.notes.runner.ApiTestRunner" time="1.743">
    <system-out><![CDATA[
@api @negative
Scenario: Validate API returns 401 when using an invalid auth token (Scenario P-API) &amp#27;[90m# src/test/resources/features/api/notes_api.feature:47&amp#27;[0m
Cleaned up all existing notes for 'ansh_api@gmail.com' to guarantee a pristine database state.
GET /notes with invalid token status: 401
  &amp#27;[32mGiven &amp#27;[0m&amp#27;[32mI send a GET notes request with an invalid auth token&amp#27;[0m                        &amp#27;[90m# com.practice.notes.stepdefinitions.NoteApiSteps.iSendGetNotesWithInvalidToken()&amp#27;[0m
  &amp#27;[32mThen &amp#27;[0m&amp#27;[32mthe API response status code should be &amp#27;[0m&amp#27;[32m&amp#27;[1m401&amp#27;[0m                                    &amp#27;[90m# com.practice.notes.stepdefinitions.NoteApiSteps.apiResponseStatusCodeShouldBe(int)&amp#27;[0m
  &amp#27;[32mAnd &amp#27;[0m&amp#27;[32mthe API response body message should indicate unauthorized access&amp#27;[0m              &amp#27;[90m# com.practice.notes.stepdefinitions.NoteApiSteps.apiResponseBodyMessageShouldIndicateUnauthorized()&amp#27;[0m
]]></system-out>
  </testcase>
  <testcase name="runScenario[&quot;Validate successful login via UI with credentials (Scenario A)&quot;, &quot;UI Scenarios&quot;](1)" classname="com.practice.notes.runner.UiTestRunner" time="2.272">
    <system-out><![CDATA[
@api
Scenario: Validate POST notes response time is less than 3000 milliseconds (Scenario M-API) &amp#27;[90m# src/test/resources/features/api/notes_api.feature:28&amp#27;[0m
[CommonUiSteps] Email set to: ansh@gmail.com
  &amp#27;[32mWhen &amp#27;[0m&amp#27;[32mI enter email &amp#27;[0m&amp#27;[32m&amp#27;[1m"ansh@gmail.com"&amp#27;[0m&amp#27;[32m on the UI&amp#27;[0m                          &amp#27;[90m# com.practice.notes.stepdefinitions.CommonUiSteps.iEnterEmailOnUi(java.lang.String)&amp#27;[0m
[CommonUiSteps] Password set (length: 8)
  &amp#27;[32mAnd &amp#27;[0m&amp#27;[32mI enter password &amp#27;[0m&amp#27;[32m&amp#27;[1m"12345678"&amp#27;[0m&amp#27;[32m on the UI&amp#27;[0m                              &amp#27;[90m# com.practice.notes.stepdefinitions.CommonUiSteps.iEnterPasswordOnUi(java.lang.String)&amp#27;[0m
Element click intercepted for By.cssSelector: button[type='submit']. Retrying with JS click.
  &amp#27;[32mAnd &amp#27;[0m&amp#27;[32mI click the Login button on the UI&amp#27;[0m                                 &amp#27;[90m# com.practice.notes.stepdefinitions.CommonUiSteps.iClickLoginButtonOnUi()&amp#27;[0m
Cleaned up all existing notes for 'ansh_api@gmail.com' to guarantee a pristine database state.
  &amp#27;[32mThen &amp#27;[0m&amp#27;[32mI should observe the dashboard page after successful submit&amp#27;[0m       &amp#27;[90m# com.practice.notes.stepdefinitions.CommonUiSteps.iShouldObserveDashboardPage()&amp#27;[0m
[PERFORMANCE-UI] 2026-05-31 00:58:20.077 | [UI]  | Scenario: Validate successful login via UI with credentials (Scenario A) | Page: Dashboard Page | Navigation Time: 5528 ms | DOM Ready Time: 1086 ms
  &amp#27;[32mAnd &amp#27;[0m&amp#27;[32mI measure and log UI performance timings for &amp#27;[0m&amp#27;[32m&amp#27;[1m"Dashboard Page"&amp#27;[0m      &amp#27;[90m# com.practice.notes.stepdefinitions.CommonUiSteps.iMeasureAndLogUiPerformanceTimingsFor(java.lang.String)&amp#27;[0m
]]></system-out>
  </testcase>
  <testcase name="runScenario[&quot;Validate note creation via UI and immediate appearance in list (Scenario B)&quot;, &quot;UI Scenarios&quot;](2)" classname="com.practice.notes.runner.UiTestRunner" time="12.92">
    <system-out><![CDATA[  &amp#27;[32mAnd &amp#27;[0m&amp#27;[32mI click &amp#27;[0m&amp#27;[32m&amp#27;[1m"Save"&amp#27;[0m&amp#27;[32m on the form&amp#27;[0m                                                                            &amp#27;[90m# com.practice.notes.stepdefinitions.CommonUiSteps.iClickSave(java.lang.String)&amp#27;[0m
Observed Note Title on Dashboard: 'Capstone Test Note'
  &amp#27;[32mThen &amp#27;[0m&amp#27;[32mI should observe the note &amp#27;[0m&amp#27;[32m&amp#27;[1m"Capstone Test Note"&amp#27;[0m&amp#27;[32m immediately in the UI list&amp#27;[0m                            &amp#27;[90m# com.practice.notes.stepdefinitions.CommonUiSteps.iShouldObserveNoteImmediately(java.lang.String)&amp#27;[0m
]]></system-out>
  </testcase>
  <testcase name="runScenario[&quot;Validate error message shown for invalid login credentials (Scenario G)&quot;, &quot;UI Scenarios&quot;](3)" classname="com.practice.notes.runner.UiTestRunner" time="29.143">
    <system-out><![CDATA[
@ui @negative
Scenario: Validate error message shown for invalid login credentials (Scenario G) &amp#27;[90m# src/test/resources/features/ui/notes_ui.feature:24&amp#27;[0m
Cleaned up all existing notes for 'ansh@gmail.com' to guarantee a pristine database state.
  &amp#27;[32mGiven &amp#27;[0m&amp#27;[32mI open the Notes App home page&amp#27;[0m                                            &amp#27;[90m# com.practice.notes.stepdefinitions.CommonUiSteps.iOpenNotesAppHomePage()&amp#27;[0m
[CommonUiSteps] Email set to: ansh@gmail.com
  &amp#27;[32mWhen &amp#27;[0m&amp#27;[32mI enter email &amp#27;[0m&amp#27;[32m&amp#27;[1m"ansh@gmail.com"&amp#27;[0m&amp#27;[32m on the UI&amp#27;[0m                                   &amp#27;[90m# com.practice.notes.stepdefinitions.CommonUiSteps.iEnterEmailOnUi(java.lang.String)&amp#27;[0m
[CommonUiSteps] Password set (length: 11)
  &amp#27;[32mAnd &amp#27;[0m&amp#27;[32mI enter password &amp#27;[0m&amp#27;[32m&amp#27;[1m"wrongpass99"&amp#27;[0m&amp#27;[32m on the UI&amp#27;[0m                                    &amp#27;[90m# com.practice.notes.stepdefinitions.CommonUiSteps.iEnterPasswordOnUi(java.lang.String)&amp#27;[0m
Element click intercepted for By.cssSelector: button[type='submit']. Retrying with JS click.
  &amp#27;[32mAnd &amp#27;[0m&amp#27;[32mI click the Login button on the UI&amp#27;[0m                                          &amp#27;[90m# com.practice.notes.stepdefinitions.CommonUiSteps.iClickLoginButtonOnUi()&amp#27;[0m
[LoginPage] Error message found via By.cssSelector: [data-testid='alert-message']: Incorrect email address or password
Observed Login Error: Incorrect email address or password
  &amp#27;[32mThen &amp#27;[0m&amp#27;[32mI should see the UI error message containing &amp#27;[0m&amp#27;[32m&amp#27;[1m"Invalid"&amp#27;[0m&amp#27;[32m or &amp#27;[0m&amp#27;[32m&amp#27;[1m"incorrect"&amp#27;[0m      &amp#27;[90m# com.practice.notes.stepdefinitions.CommonUiSteps.iShouldSeeUiErrorMessage(java.lang.String,java.lang.String)&amp#27;[0m
]]></system-out>
    <system-err><![CDATA[May 31, 2026 12:58:43 AM org.openqa.selenium.devtools.CdpVersionFinder findNearestMatch
WARNING: Unable to find CDP implementation matching 148
May 31, 2026 12:58:43 AM org.openqa.selenium.chromium.ChromiumDriver lambda$new$5
WARNING: Unable to find version of CDP to use for 148.0.7778.217. You may need to include a dependency on a specific version of the CDP using something similar to `org.seleniumhq.selenium:selenium-devtools-v86:4.18.1` where the version ("v86") matches the version of the chromium-based browser you're using and the version number of the artifact is the same as Selenium's.
]]></system-err>
  </testcase>
  <testcase name="runScenario[&quot;Validate note creation with Home category appears in the UI list (Scenario L)&quot;, &quot;UI Scenarios&quot;](4)" classname="com.practice.notes.runner.UiTestRunner" time="21.856">
    <system-out><![CDATA[
@ui
Scenario: Validate note creation with Home category appears in the UI list (Scenario L)                     &amp#27;[90m# src/test/resources/features/ui/notes_ui.feature:32&amp#27;[0m
Cleaned up all existing notes for 'ansh@gmail.com' to guarantee a pristine database state.
  &amp#27;[32mGiven &amp#27;[0m&amp#27;[32mI am successfully logged in to the UI dashboard with email &amp#27;[0m&amp#27;[32m&amp#27;[1m"ansh@gmail.com"&amp#27;[0m&amp#27;[32m and password &amp#27;[0m&amp#27;[32m&amp#27;[1m"12345678"&amp#27;[0m &amp#27;[90m# com.practice.notes.stepdefinitions.CommonUiSteps.iAmSuccessfullyLoggedInToUi(java.lang.String,java.lang.String)&amp#27;[0m
  &amp#27;[32mWhen &amp#27;[0m&amp#27;[32mI click the &amp#27;[0m&amp#27;[32m&amp#27;[1m"+ Add Note"&amp#27;[0m&amp#27;[32m button&amp#27;[0m                                                                      &amp#27;[90m# com.practice.notes.stepdefinitions.CommonUiSteps.iClickAddNoteButton(java.lang.String)&amp#27;[0m
[CommonUiSteps] Set category to: Home (React-safe native setter)
  &amp#27;[32mAnd &amp#27;[0m&amp#27;[32mI select Category &amp#27;[0m&amp#27;[32m&amp#27;[1m"Home"&amp#27;[0m&amp#27;[32m on the form&amp#27;[0m                                                                  &amp#27;[90m# com.practice.notes.stepdefinitions.CommonUiSteps.iSelectCategory(java.lang.String)&amp#27;[0m
[CommonUiSteps] Title set to: Home Task Note
  &amp#27;[32mAnd &amp#27;[0m&amp#27;[32mI enter Title &amp#27;[0m&amp#27;[32m&amp#27;[1m"Home Task Note"&amp#27;[0m&amp#27;[32m on the form&amp#27;[0m                                                            &amp#27;[90m# com.practice.notes.stepdefinitions.CommonUiSteps.iEnterTitle(java.lang.String)&amp#27;[0m
[CommonUiSteps] Description set to: A home category test note
  &amp#27;[32mAnd &amp#27;[0m&amp#27;[32mI enter Description &amp#27;[0m&amp#27;[32m&amp#27;[1m"A home category test note"&amp#27;[0m&amp#27;[32m on the form&amp#27;[0m                                           &amp#27;[90m# com.practice.notes.stepdefinitions.CommonUiSteps.iEnterDescription(java.lang.String)&amp#27;[0m
  &amp#27;[32mAnd &amp#27;[0m&amp#27;[32mI click &amp#27;[0m&amp#27;[32m&amp#27;[1m"Save"&amp#27;[0m&amp#27;[32m on the form&amp#27;[0m                                                                            &amp#27;[90m# com.practice.notes.stepdefinitions.CommonUiSteps.iClickSave(java.lang.String)&amp#27;[0m
Observed Note Title on Dashboard: 'Home Task Note'
  &amp#27;[32mThen &amp#27;[0m&amp#27;[32mI should observe the note &amp#27;[0m&amp#27;[32m&amp#27;[1m"Home Task Note"&amp#27;[0m&amp#27;[32m immediately in the UI list&amp#27;[0m                                &amp#27;[90m# com.practice.notes.stepdefinitions.CommonUiSteps.iShouldObserveNoteImmediately(java.lang.String)&amp#27;[0m
]]></system-out>
    <system-err><![CDATA[May 31, 2026 12:59:12 AM org.openqa.selenium.devtools.CdpVersionFinder findNearestMatch
WARNING: Unable to find CDP implementation matching 148
May 31, 2026 12:59:12 AM org.openqa.selenium.chromium.ChromiumDriver lambda$new$5
WARNING: Unable to find version of CDP to use for 148.0.7778.217. You may need to include a dependency on a specific version of the CDP using something similar to `org.seleniumhq.selenium:selenium-devtools-v86:4.18.1` where the version ("v86") matches the version of the chromium-based browser you're using and the version number of the artifact is the same as Selenium's.
]]></system-err>
  </testcase>
  <testcase name="runScenario[&quot;Validate note description is visible on the UI note card (Scenario M)&quot;, &quot;UI Scenarios&quot;](5)" classname="com.practice.notes.runner.UiTestRunner" time="26.14">
    <system-out><![CDATA[
@ui
Scenario: Validate note description is visible on the UI note card (Scenario M)                             &amp#27;[90m# src/test/resources/features/ui/notes_ui.feature:41&amp#27;[0m
Cleaned up all existing notes for 'ansh@gmail.com' to guarantee a pristine database state.
  &amp#27;[32mGiven &amp#27;[0m&amp#27;[32mI am successfully logged in to the UI dashboard with email &amp#27;[0m&amp#27;[32m&amp#27;[1m"ansh@gmail.com"&amp#27;[0m&amp#27;[32m and password &amp#27;[0m&amp#27;[32m&amp#27;[1m"12345678"&amp#27;[0m &amp#27;[90m# com.practice.notes.stepdefinitions.CommonUiSteps.iAmSuccessfullyLoggedInToUi(java.lang.String,java.lang.String)&amp#27;[0m
  &amp#27;[32mWhen &amp#27;[0m&amp#27;[32mI click the &amp#27;[0m&amp#27;[32m&amp#27;[1m"+ Add Note"&amp#27;[0m&amp#27;[32m button&amp#27;[0m                                                                      &amp#27;[90m# com.practice.notes.stepdefinitions.CommonUiSteps.iClickAddNoteButton(java.lang.String)&amp#27;[0m
[CommonUiSteps] Set category to: Personal (React-safe native setter)
  &amp#27;[32mAnd &amp#27;[0m&amp#27;[32mI select Category &amp#27;[0m&amp#27;[32m&amp#27;[1m"Personal"&amp#27;[0m&amp#27;[32m on the form&amp#27;[0m                                                              &amp#27;[90m# com.practice.notes.stepdefinitions.CommonUiSteps.iSelectCategory(java.lang.String)&amp#27;[0m
[CommonUiSteps] Title set to: Description Check Note
  &amp#27;[32mAnd &amp#27;[0m&amp#27;[32mI enter Title &amp#27;[0m&amp#27;[32m&amp#27;[1m"Description Check Note"&amp#27;[0m&amp#27;[32m on the form&amp#27;[0m                                                    &amp#27;[90m# com.practice.notes.stepdefinitions.CommonUiSteps.iEnterTitle(java.lang.String)&amp#27;[0m
[CommonUiSteps] Description set to: Visible description text
  &amp#27;[32mAnd &amp#27;[0m&amp#27;[32mI enter Description &amp#27;[0m&amp#27;[32m&amp#27;[1m"Visible description text"&amp#27;[0m&amp#27;[32m on the form&amp#27;[0m                                            &amp#27;[90m# com.practice.notes.stepdefinitions.CommonUiSteps.iEnterDescription(java.lang.String)&amp#27;[0m
  &amp#27;[32mAnd &amp#27;[0m&amp#27;[32mI click &amp#27;[0m&amp#27;[32m&amp#27;[1m"Save"&amp#27;[0m&amp#27;[32m on the form&amp#27;[0m                                                                            &amp#27;[90m# com.practice.notes.stepdefinitions.CommonUiSteps.iClickSave(java.lang.String)&amp#27;[0m
UI Card Description for 'Description Check Note': Visible description text
  &amp#27;[32mThen &amp#27;[0m&amp#27;[32mthe note &amp#27;[0m&amp#27;[32m&amp#27;[1m"Description Check Note"&amp#27;[0m&amp#27;[32m should show description &amp#27;[0m&amp#27;[32m&amp#27;[1m"Visible description text"&amp#27;[0m&amp#27;[32m in the UI card&amp#27;[0m  &amp#27;[90m# com.practice.notes.stepdefinitions.CommonUiSteps.theNoteShouldShowDescriptionInUiCard(java.lang.String,java.lang.String)&amp#27;[0m
]]></system-out>
    <system-err><![CDATA[May 31, 2026 12:59:35 AM org.openqa.selenium.devtools.CdpVersionFinder findNearestMatch
WARNING: Unable to find CDP implementation matching 148
May 31, 2026 12:59:35 AM org.openqa.selenium.chromium.ChromiumDriver lambda$new$5
WARNING: Unable to find version of CDP to use for 148.0.7778.217. You may need to include a dependency on a specific version of the CDP using something similar to `org.seleniumhq.selenium:selenium-devtools-v86:4.18.1` where the version ("v86") matches the version of the chromium-based browser you're using and the version number of the artifact is the same as Selenium's.
]]></system-err>
  </testcase>
  <testcase name="runScenario[&quot;Validate deleting a note via UI removes it from the dashboard (Scenario N)&quot;, &quot;UI Scenarios&quot;](6)" classname="com.practice.notes.runner.UiTestRunner" time="39.119">
    <system-out><![CDATA[
@ui
Scenario: Validate deleting a note via UI removes it from the dashboard (Scenario N)                        &amp#27;[90m# src/test/resources/features/ui/notes_ui.feature:50&amp#27;[0m
Cleaned up all existing notes for 'ansh@gmail.com' to guarantee a pristine database state.
Element click intercepted for By.cssSelector: button[type='submit']. Retrying with JS click.
  &amp#27;[32mGiven &amp#27;[0m&amp#27;[32mI am successfully logged in to the UI dashboard with email &amp#27;[0m&amp#27;[32m&amp#27;[1m"ansh@gmail.com"&amp#27;[0m&amp#27;[32m and password &amp#27;[0m&amp#27;[32m&amp#27;[1m"12345678"&amp#27;[0m &amp#27;[90m# com.practice.notes.stepdefinitions.CommonUiSteps.iAmSuccessfullyLoggedInToUi(java.lang.String,java.lang.String)&amp#27;[0m
  &amp#27;[32mWhen &amp#27;[0m&amp#27;[32mI click the &amp#27;[0m&amp#27;[32m&amp#27;[1m"+ Add Note"&amp#27;[0m&amp#27;[32m button&amp#27;[0m                                                                      &amp#27;[90m# com.practice.notes.stepdefinitions.CommonUiSteps.iClickAddNoteButton(java.lang.String)&amp#27;[0m
[CommonUiSteps] Set category to: Work (React-safe native setter)
  &amp#27;[32mAnd &amp#27;[0m&amp#27;[32mI select Category &amp#27;[0m&amp#27;[32m&amp#27;[1m"Work"&amp#27;[0m&amp#27;[32m on the form&amp#27;[0m                                                                  &amp#27;[90m# com.practice.notes.stepdefinitions.CommonUiSteps.iSelectCategory(java.lang.String)&amp#27;[0m
[CommonUiSteps] Title set to: Note To Delete UI
  &amp#27;[32mAnd &amp#27;[0m&amp#27;[32mI enter Title &amp#27;[0m&amp#27;[32m&amp#27;[1m"Note To Delete UI"&amp#27;[0m&amp#27;[32m on the form&amp#27;[0m                                                         &amp#27;[90m# com.practice.notes.stepdefinitions.CommonUiSteps.iEnterTitle(java.lang.String)&amp#27;[0m
[CommonUiSteps] Description set to: This note will be deleted via UI
  &amp#27;[32mAnd &amp#27;[0m&amp#27;[32mI enter Description &amp#27;[0m&amp#27;[32m&amp#27;[1m"This note will be deleted via UI"&amp#27;[0m&amp#27;[32m on the form&amp#27;[0m                                    &amp#27;[90m# com.practice.notes.stepdefinitions.CommonUiSteps.iEnterDescription(java.lang.String)&amp#27;[0m
  &amp#27;[32mAnd &amp#27;[0m&amp#27;[32mI click &amp#27;[0m&amp#27;[32m&amp#27;[1m"Save"&amp#27;[0m&amp#27;[32m on the form&amp#27;[0m                                                                            &amp#27;[90m# com.practice.notes.stepdefinitions.CommonUiSteps.iClickSave(java.lang.String)&amp#27;[0m
Element click intercepted. Retrying with JS click.
[DashboardPage] Clicked note-delete-confirm button.
  &amp#27;[32mAnd &amp#27;[0m&amp#27;[32mI delete the note &amp#27;[0m&amp#27;[32m&amp#27;[1m"Note To Delete UI"&amp#27;[0m&amp#27;[32m via the UI dashboard&amp#27;[0m                                            &amp#27;[90m# com.practice.notes.stepdefinitions.CommonUiSteps.iDeleteNoteViaUiDashboard(java.lang.String)&amp#27;[0m
  &amp#27;[32mThen &amp#27;[0m&amp#27;[32mthe note &amp#27;[0m&amp#27;[32m&amp#27;[1m"Note To Delete UI"&amp#27;[0m&amp#27;[32m should not be visible on the dashboard&amp#27;[0m                                  &amp#27;[90m# com.practice.notes.stepdefinitions.CommonUiSteps.theNoteShouldNotBeVisibleOnDashboard(java.lang.String)&amp#27;[0m
]]></system-out>
    <system-err><![CDATA[May 31, 2026 1:00:00 AM org.openqa.selenium.devtools.CdpVersionFinder findNearestMatch
WARNING: Unable to find CDP implementation matching 148
May 31, 2026 1:00:00 AM org.openqa.selenium.chromium.ChromiumDriver lambda$new$5
WARNING: Unable to find version of CDP to use for 148.0.7778.217. You may need to include a dependency on a specific version of the CDP using something similar to `org.seleniumhq.selenium:selenium-devtools-v86:4.18.1` where the version ("v86") matches the version of the chromium-based browser you're using and the version number of the artifact is the same as Selenium's.
]]></system-err>
  </testcase>
  <testcase name="runScenario[&quot;Validate UI-created note data matches API GET notes response exactly (Scenario E)&quot;, &quot;E2E Hybrid Integration Scenarios&quot;](1)" classname="com.practice.notes.runner.E2eTestRunner" time="37.022">
    <system-out><![CDATA[
@e2e
Scenario: Validate UI-created note data matches API GET notes response exactly (Scenario E)                                                &amp#27;[90m# src/test/resources/features/e2e/notes_e2e.feature:5&amp#27;[0m
Cleaned up all existing notes for 'ansh@gmail.com' to guarantee a pristine database state.
  &amp#27;[32mGiven &amp#27;[0m&amp#27;[32mI open the Notes App home page&amp#27;[0m                                                                                                     &amp#27;[90m# com.practice.notes.stepdefinitions.CommonUiSteps.iOpenNotesAppHomePage()&amp#27;[0m
  &amp#27;[32mAnd &amp#27;[0m&amp#27;[32mI login via UI with email &amp#27;[0m&amp#27;[32m&amp#27;[1m"ansh@gmail.com"&amp#27;[0m&amp#27;[32m and password &amp#27;[0m&amp#27;[32m&amp#27;[1m"12345678"&amp#27;[0m                                                                   &amp#27;[90m# com.practice.notes.stepdefinitions.E2eSteps.iLoginViaUi(java.lang.String,java.lang.String)&amp#27;[0m
[DashboardPage] Set category to: Personal (React-safe native setter)
[DashboardPage] Clicked note-submit button
[DashboardPage] Modal closed successfully.
  &amp#27;[32mWhen &amp#27;[0m&amp#27;[32mI create a new note with category &amp#27;[0m&amp#27;[32m&amp#27;[1m"Personal"&amp#27;[0m&amp#27;[32m, title &amp#27;[0m&amp#27;[32m&amp#27;[1m"Budget Plan"&amp#27;[0m&amp#27;[32m, and description &amp#27;[0m&amp#27;[32m&amp#27;[1m"Monthly expense tracker"&amp#27;[0m                        &amp#27;[90m# com.practice.notes.stepdefinitions.CommonUiSteps.iCreateNewNote(java.lang.String,java.lang.String,java.lang.String)&amp#27;[0m
DEBUG - Note Card HTML: <div></div><div class="card-header fw-bold text-truncate" data-testid="note-card-title" style="background-color: rgb(50, 140, 160); color: rgb(255, 255, 255);">Budget Plan</div><div class="card-body d-flex flex-column" style="height: auto !important;"><p data-testid="note-card-description" class="card-text" style="max-height: 100px; overflow: auto;">Monthly expense tracker<br></p><div class="google-auto-placed ap_container" style="width: 100%; height: auto; clear: both; text-align: center;"><ins data-ad-format="auto" class="adsbygoogle adsbygoogle-noablate" data-ad-client="ca-pub-1056034821646296" data-adsbygoogle-status="done" style="display: block; margin: auto; background-color: transparent !important; height: auto !important;" data-ad-status="unfill-optimized"><div id="aswift_6_host" style="border-width: medium; border-style: none; border-color: currentcolor; border-image: initial; height: auto !important; width: 237px; margin: 0px; padding: 0px; position: relative; visibility: visible; background-color: transparent; display: inline-block; overflow: visible;"><div data-google-ad-efd="true" class="google-aiuf" style="width: 237px !important; display: flex !important; flex-wrap: wrap !important; place-content: center !important; align-items: center !important; gap: 10px !important; font-size: initial !important; height: auto !important; max-height: 600px !important;"><div class="goog-rentries" style="color-scheme: initial !important; forced-color-adjust: initial !important; math-depth: initial !important; position: initial !important; position-anchor: initial !important; text-size-adjust: initial !important; appearance: initial !important; font-feature-settings: initial !important; font-kerning: initial !important; font-language-override: initial !important; font-optical-sizing: initial !important; font-palette: initial !important; font-size-adjust: initial !important; font-stretch: initial !important; font-style: initial !important; font-synthesis: initial !important; font-variant: initial !important; font-variation-settings: initial !important; position-area: initial !important; text-rendering: initial !important; text-spacing-trim: initial !important; -webkit-font-smoothing: initial !important; -webkit-locale: initial !important; -webkit-text-orientation: initial !important; -webkit-writing-mode: initial !important; zoom: initial !important; accent-color: initial !important; align-content: initial !important; alignment-baseline: initial !important; anchor-name: initial !important; anchor-scope: initial !important; animation-composition: initial !important; animation: initial !important; animation-trigger: initial !important; app-region: initial !important; aspect-ratio: initial !important; backdrop-filter: initial !important; backface-visibility: initial !important; background: rgb(248, 249, 250) !important; background-blend-mode: initial !important; baseline-shift: initial !important; baseline-source: initial !important; block-size: initial !important; border-block: initial !important; border-collapse: initial !important; border-end-end-radius: initial !important; border-end-start-radius: initial !important; border-inline: initial !important; border-shape: initial !important; border-start-end-radius: initial !important; border-start-start-radius: initial !important; inset: initial !important; box-decoration-break: initial !important; box-shadow: initial !important; break-after: initial !important; break-before: initial !important; break-inside: initial !important; buffered-rendering: initial !important; caption-side: initial !important; caret-animation: initial !important; caret-color: initial !important; caret-shape: initial !important; clear: initial !important; clip: initial !important; clip-path: initial !important; clip-rule: initial !important; color-interpolation: initial !important; color-interpolation-filters: initial !important; color-rendering: initial !important; columns: initial !important; column-fill: initial !important; column-rule: initial !important; column-span: initial !important; contain: initial !important; contain-intrinsic-block-size: initial !important; contain-intrinsic-size: initial !important; contain-intrinsic-inline-size: initial !important; container: initial !important; content: initial !important; content-visibility: initial !important; corner-shape: initial !important; corner-block-end-shape: initial !important; corner-block-start-shape: initial !important; counter-increment: initial !important; counter-reset: initial !important; counter-set: initial !important; cx: initial !important; cy: initial !important; d: initial !important; dominant-baseline: initial !important; dynamic-range-limit: initial !important; empty-cells: initial !important; field-sizing: initial !important; fill: initial !important; fill-opacity: initial !important; fill-rule: initial !important; filter: initial !important; flex-basis: initial !important; flex-grow: initial !important; float: initial !important; flood-color: initial !important; flood-opacity: initial !important; grid: initial !important; grid-area: initial !important; height: initial !important; hyphenate-character: initial !important; hyphenate-limit-chars: initial !important; hyphens: initial !important; image-orientation: initial !important; image-rendering: initial !important; initial-letter: initial !important; inline-size: initial !important; inset-block: initial !important; inset-inline: initial !important; interactivity: initial !important; interest-delay: initial !important; interpolate-size: initial !important; isolation: initial !important; justify-items: initial !important; justify-self: initial !important; letter-spacing: initial !important; lighting-color: initial !important; line-break: initial !important; line-height: initial !important; list-style: initial !important; margin-block: initial !important; margin-inline: initial !important; marker: initial !important; mask: initial !important; mask-type: initial !important; math-shift: initial !important; math-style: initial !important; max-block-size: initial !important; max-height: initial !important; max-inline-size: initial !important; max-width: initial !important; min-block-size: initial !important; min-height: initial !important; min-inline-size: initial !important; min-width: initial !important; mix-blend-mode: initial !important; object-fit: initial !important; object-position: initial !important; object-view-box: initial !important; offset: initial !important; opacity: initial !important; order: initial !important; orphans: initial !important; outline: initial !important; outline-offset: initial !important; overflow-anchor: initial !important; overflow-block: initial !important; overflow-clip-margin: initial !important; overflow-inline: initial !important; overflow-wrap: initial !important; overflow: initial !important; overlay: initial !important; overscroll-behavior-block: initial !important; overscroll-behavior-inline: initial !important; overscroll-behavior: initial !important; padding-block: initial !important; padding-inline: initial !important; padding-left: initial !important; padding-right: initial !important; padding-top: initial !important; page: initial !important; page-orientation: initial !important; paint-order: initial !important; perspective: initial !important; perspective-origin: initial !important; pointer-events: initial !important; position-try: initial !important; position-visibility: initial !important; print-color-adjust: initial !important; quotes: initial !important; r: initial !important; reading-flow: initial !important; reading-order: initial !important; resize: initial !important; rotate: initial !important; ruby-align: initial !important; ruby-position: initial !important; rx: initial !important; ry: initial !important; scale: initial !important; scroll-behavior: initial !important; scroll-initial-target: initial !important; scroll-margin-block: initial !important; scroll-margin: initial !important; scroll-margin-inline: initial !important; scroll-marker-group: initial !important; scroll-padding-block: initial !important; scroll-padding: initial !important; scroll-padding-inline: initial !important; scroll-snap-align: initial !important; scroll-snap-stop: initial !important; scroll-snap-type: initial !important; scroll-target-group: initial !important; scroll-timeline: initial !important; scrollbar-color: initial !important; scrollbar-gutter: initial !important; scrollbar-width: initial !important; shape-image-threshold: initial !important; shape-margin: initial !important; shape-outside: initial !important; shape-rendering: initial !important; size: initial !important; speak: initial !important; stop-color: initial !important; stop-opacity: initial !important; stroke: initial !important; stroke-dasharray: initial !important; stroke-dashoffset: initial !important; stroke-linecap: initial !important; stroke-linejoin: initial !important; stroke-miterlimit: initial !important; stroke-opacity: initial !important; stroke-width: initial !important; tab-size: initial !important; table-layout: initial !important; text-align-last: initial !important; text-anchor: initial !important; text-autospace: initial !important; text-box: initial !important; text-combine-upright: initial !important; text-decoration: initial !important; text-decoration-skip-ink: initial !important; text-emphasis: initial !important; text-emphasis-position: initial !important; text-indent: initial !important; text-justify: initial !important; text-overflow: initial !important; text-shadow: initial !important; text-transform: initial !important; text-underline-offset: initial !important; text-underline-position: initial !important; text-wrap: initial !important; timeline-scope: initial !important; timeline-trigger: initial !important; touch-action: initial !important; transform: initial !important; transform-box: initial !important; transform-origin: initial !important; transform-style: initial !important; transition: initial !important; translate: initial !important; trigger-scope: initial !important; user-select: initial !important; vector-effect: initial !important; vertical-align: initial !important; view-timeline: initial !important; view-transition-class: initial !important; view-transition-group: initial !important; view-transition-name: initial !important; view-transition-scope: initial !important; border-spacing: initial !important; -webkit-box-align: initial !important; -webkit-box-decoration-break: initial !important; -webkit-box-direction: initial !important; -webkit-box-flex: initial !important; -webkit-box-ordinal-group: initial !important; -webkit-box-orient: initial !important; -webkit-box-pack: initial !important; -webkit-box-reflect: initial !important; -webkit-line-break: initial !important; -webkit-line-clamp: initial !important; -webkit-mask-box-image: initial !important; -webkit-rtl-ordering: initial !important; -webkit-ruby-position: initial !important; -webkit-tap-highlight-color: initial !important; -webkit-text-combine: initial !important; -webkit-text-decorations-in-effect: initial !important; -webkit-text-security: initial !important; -webkit-text-stroke: initial !important; -webkit-user-drag: initial !important; white-space-collapse: initial !important; widows: initial !important; will-change: initial !important; word-break: initial !important; word-spacing: initial !important; x: initial !important; y: initial !important; z-index: initial !important; -webkit-text-fill-color: unset !important; color: inherit !important; cursor: inherit !important; direction: inherit !important; font-family: inherit !important; font-size: inherit !important; font-weight: inherit !important; text-align: inherit !important; text-orientation: inherit !important; visibility: inherit !important; writing-mode: inherit !important; display: flex !important; flex-flow: wrap !important; width: 100% !important; align-self: stretch !important; justify-content: flex-start !important; align-items: center !important; flex-shrink: 1 !important; padding-bottom: 5px !important; margin: 5px !important; gap: 2px !important; border-radius: 4px !important; border: 1px solid rgb(218, 220, 224) !important; box-sizing: border-box !important;"><div style="color-scheme: initial !important; forced-color-adjust: initial !important; math-depth: initial !important; position: initial !important; position-anchor: initial !important; text-size-adjust: initial !important; appearance: initial !important; font-feature-settings: initial !important; font-kerning: initial !important; font-language-override: initial !important; font-optical-sizing: initial !important; font-palette: initial !important; font-size-adjust: initial !important; font-stretch: initial !important; font-style: initial !important; font-synthesis: initial !important; font-variant: initial !important; font-variation-settings: initial !important; position-area: initial !important; text-rendering: initial !important; text-spacing-trim: initial !important; -webkit-font-smoothing: initial !important; -webkit-locale: initial !important; -webkit-text-orientation: initial !important; -webkit-writing-mode: initial !important; zoom: initial !important; accent-color: initial !important; align-content: initial !important; place-self: initial !important; alignment-baseline: initial !important; anchor-name: initial !important; anchor-scope: initial !important; animation-composition: initial !important; animation: initial !important; animation-trigger: initial !important; app-region: initial !important; aspect-ratio: initial !important; backdrop-filter: initial !important; backface-visibility: initial !important; background: initial !important; background-blend-mode: initial !important; baseline-shift: initial !important; baseline-source: initial !important; block-size: initial !important; border-block: initial !important; border: initial !important; border-radius: initial !important; border-collapse: initial !important; border-end-end-radius: initial !important; border-end-start-radius: initial !important; border-inline: initial !important; border-shape: initial !important; border-start-end-radius: initial !important; border-start-start-radius: initial !important; inset: initial !important; box-decoration-break: initial !important; box-shadow: initial !important; box-sizing: initial !important; break-after: initial !important; break-before: initial !important; break-inside: initial !important; buffered-rendering: initial !important; caption-side: initial !important; caret-animation: initial !important; caret-color: initial !important; caret-shape: initial !important; clear: initial !important; clip: initial !important; clip-path: initial !important; clip-rule: initial !important; color-interpolation: initial !important; color-interpolation-filters: initial !important; color-rendering: initial !important; columns: initial !important; column-fill: initial !important; gap: initial !important; column-rule: initial !important; column-span: initial !important; contain: initial !important; contain-intrinsic-block-size: initial !important; contain-intrinsic-size: initial !important; contain-intrinsic-inline-size: initial !important; container: initial !important; content: initial !important; content-visibility: initial !important; corner-shape: initial !important; corner-block-end-shape: initial !important; corner-block-start-shape: initial !important; counter-increment: initial !important; counter-reset: initial !important; counter-set: initial !important; cx: initial !important; cy: initial !important; d: initial !important; dominant-baseline: initial !important; dynamic-range-limit: initial !important; empty-cells: initial !important; field-sizing: initial !important; fill: initial !important; fill-opacity: initial !important; fill-rule: initial !important; filter: initial !important; flex: initial !important; flex-wrap: initial !important; float: initial !important; flood-color: initial !important; flood-opacity: initial !important; grid: initial !important; grid-area: initial !important; hyphenate-character: initial !important; hyphenate-limit-chars: initial !important; hyphens: initial !important; image-orientation: initial !important; image-rendering: initial !important; initial-letter: initial !important; inline-size: initial !important; inset-block: initial !important; inset-inline: initial !important; interactivity: initial !important; interest-delay: initial !important; interpolate-size: initial !important; isolation: initial !important; justify-items: initial !important; letter-spacing: initial !important; lighting-color: initial !important; line-break: initial !important; line-height: initial !important; list-style: initial !important; margin-block: initial !important; margin: initial !important; margin-inline: initial !important; marker: initial !important; mask: initial !important; mask-type: initial !important; math-shift: initial !important; math-style: initial !important; max-block-size: initial !important; max-height: initial !important; max-inline-size: initial !important; max-width: initial !important; min-block-size: initial !important; min-height: initial !important; min-inline-size: initial !important; min-width: initial !important; mix-blend-mode: initial !important; object-fit: initial !important; object-position: initial !important; object-view-box: initial !important; offset: initial !important; opacity: initial !important; order: initial !important; orphans: initial !important; outline: initial !important; outline-offset: initial !important; overflow-anchor: initial !important; overflow-block: initial !important; overflow-clip-margin: initial !important; overflow-inline: initial !important; overflow-wrap: initial !important; overflow: initial !important; overlay: initial !important; overscroll-behavior-block: initial !important; overscroll-behavior-inline: initial !important; overscroll-behavior: initial !important; padding-block: initial !important; padding: initial !important; padding-inline-end: initial !important; page: initial !important; page-orientation: initial !important; paint-order: initial !important; perspective: initial !important; perspective-origin: initial !important; pointer-events: initial !important; position-try: initial !important; position-visibility: initial !important; print-color-adjust: initial !important; quotes: initial !important; r: initial !important; reading-flow: initial !important; reading-order: initial !important; resize: initial !important; rotate: initial !important; ruby-align: initial !important; ruby-position: initial !important; rx: initial !important; ry: initial !important; scale: initial !important; scroll-behavior: initial !important; scroll-initial-target: initial !important; scroll-margin-block: initial !important; scroll-margin: initial !important; scroll-margin-inline: initial !important; scroll-marker-group: initial !important; scroll-padding-block: initial !important; scroll-padding: initial !important; scroll-padding-inline: initial !important; scroll-snap-align: initial !important; scroll-snap-stop: initial !important; scroll-snap-type: initial !important; scroll-target-group: initial !important; scroll-timeline: initial !important; scrollbar-color: initial !important; scrollbar-gutter: initial !important; scrollbar-width: initial !important; shape-image-threshold: initial !important; shape-margin: initial !important; shape-outside: initial !important; shape-rendering: initial !important; size: initial !important; speak: initial !important; stop-color: initial !important; stop-opacity: initial !important; stroke: initial !important; stroke-dasharray: initial !important; stroke-dashoffset: initial !important; stroke-linecap: initial !important; stroke-linejoin: initial !important; stroke-miterlimit: initial !important; stroke-opacity: initial !important; stroke-width: initial !important; tab-size: initial !important; table-layout: initial !important; text-align-last: initial !important; text-anchor: initial !important; text-autospace: initial !important; text-box: initial !important; text-combine-upright: initial !important; text-decoration: initial !important; text-decoration-skip-ink: initial !important; text-emphasis: initial !important; text-emphasis-position: initial !important; text-indent: initial !important; text-justify: initial !important; text-overflow: initial !important; text-shadow: initial !important; text-transform: initial !important; text-underline-offset: initial !important; text-underline-position: initial !important; text-wrap: initial !important; timeline-scope: initial !important; timeline-trigger: initial !important; touch-action: initial !important; transform: initial !important; transform-box: initial !important; transform-origin: initial !important; transform-style: initial !important; transition: initial !important; translate: initial !important; trigger-scope: initial !important; user-select: initial !important; vector-effect: initial !important; vertical-align: initial !important; view-timeline: initial !important; view-transition-class: initial !important; view-transition-group: initial !important; view-transition-name: initial !important; view-transition-scope: initial !important; border-spacing: initial !important; -webkit-box-align: initial !important; -webkit-box-decoration-break: initial !important; -webkit-box-direction: initial !important; -webkit-box-flex: initial !important; -webkit-box-ordinal-group: initial !important; -webkit-box-orient: initial !important; -webkit-box-pack: initial !important; -webkit-box-reflect: initial !important; -webkit-line-break: initial !important; -webkit-line-clamp: initial !important; -webkit-mask-box-image: initial !important; -webkit-rtl-ordering: initial !important; -webkit-ruby-position: initial !important; -webkit-tap-highlight-color: initial !important; -webkit-text-combine: initial !important; -webkit-text-decorations-in-effect: initial !important; -webkit-text-security: initial !important; -webkit-text-stroke: initial !important; -webkit-user-drag: initial !important; white-space-collapse: initial !important; widows: initial !important; width: initial !important; will-change: initial !important; word-break: initial !important; word-spacing: initial !important; x: initial !important; y: initial !important; z-index: initial !important; -webkit-text-fill-color: unset !important; color: rgb(74, 74, 74) !important; cursor: inherit !important; direction: inherit !important; font-family: &quot;Google Sans&quot;, Roboto, Arial, sans-serif !important; font-size: 18px !important; font-weight: inherit !important; text-align: inherit !important; text-orientation: inherit !important; visibility: inherit !important; writing-mode: inherit !important; padding-inline-start: 5px !important; height: 48px !important; display: flex !important; flex-direction: row !important; justify-content: flex-start !important; align-items: center !important;"><span aria-label="These are topics related to the article that might interest you" tabindex="0" role="heading" aria-level="2" style="color-scheme: initial !important; forced-color-adjust: initial !important; math-depth: initial !important; position: initial !important; position-anchor: initial !important; text-size-adjust: initial !important; appearance: initial !important; font-feature-settings: initial !important; font-kerning: initial !important; font-language-override: initial !important; font-optical-sizing: initial !important; font-palette: initial !important; font-size-adjust: initial !important; font-stretch: initial !important; font-style: initial !important; font-synthesis: initial !important; font-variant: initial !important; font-variation-settings: initial !important; position-area: initial !important; text-rendering: initial !important; text-spacing-trim: initial !important; -webkit-font-smoothing: initial !important; -webkit-locale: initial !important; -webkit-text-orientation: initial !important; -webkit-writing-mode: initial !important; zoom: initial !important; accent-color: initial !important; place-content: initial !important; place-items: initial !important; place-self: initial !important; alignment-baseline: initial !important; anchor-name: initial !important; anchor-scope: initial !important; animation-composition: initial !important; animation: initial !important; animation-trigger: initial !important; app-region: initial !important; aspect-ratio: initial !important; backdrop-filter: initial !important; backface-visibility: initial !important; background: initial !important; background-blend-mode: initial !important; baseline-shift: initial !important; baseline-source: initial !important; block-size: initial !important; border-block: initial !important; border: initial !important; border-collapse: initial !important; border-end-end-radius: initial !important; border-end-start-radius: initial !important; border-inline: initial !important; border-shape: initial !important; border-start-end-radius: initial !important; border-start-start-radius: initial !important; inset: initial !important; box-decoration-break: initial !important; box-shadow: initial !important; box-sizing: initial !important; break-after: initial !important; break-before: initial !important; break-inside: initial !important; buffered-rendering: initial !important; caption-side: initial !important; caret-animation: initial !important; caret-color: initial !important; caret-shape: initial !important; clear: initial !important; clip: initial !important; clip-path: initial !important; clip-rule: initial !important; color-interpolation: initial !important; color-interpolation-filters: initial !important; color-rendering: initial !important; columns: initial !important; column-fill: initial !important; gap: initial !important; column-rule: initial !important; column-span: initial !important; contain: initial !important; contain-intrinsic-block-size: initial !important; contain-intrinsic-size: initial !important; contain-intrinsic-inline-size: initial !important; container: initial !important; content: initial !important; content-visibility: initial !important; corner-shape: initial !important; corner-block-end-shape: initial !important; corner-block-start-shape: initial !important; counter-increment: initial !important; counter-reset: initial !important; counter-set: initial !important; cx: initial !important; cy: initial !important; d: initial !important; display: initial !important; dominant-baseline: initial !important; dynamic-range-limit: initial !important; empty-cells: initial !important; field-sizing: initial !important; fill: initial !important; fill-opacity: initial !important; fill-rule: initial !important; filter: initial !important; flex: initial !important; flex-flow: initial !important; float: initial !important; flood-color: initial !important; flood-opacity: initial !important; grid: initial !important; grid-area: initial !important; height: initial !important; hyphenate-character: initial !important; hyphenate-limit-chars: initial !important; hyphens: initial !important; image-orientation: initial !important; image-rendering: initial !important; initial-letter: initial !important; inline-size: initial !important; inset-block: initial !important; inset-inline: initial !important; interactivity: initial !important; interest-delay: initial !important; interpolate-size: initial !important; isolation: initial !important; letter-spacing: initial !important; lighting-color: initial !important; line-break: initial !important; line-height: initial !important; list-style: initial !important; margin-block: initial !important; margin-inline: initial !important; margin-left: initial !important; margin-right: initial !important; margin-top: initial !important; marker: initial !important; mask: initial !important; mask-type: initial !important; math-shift: initial !important; math-style: initial !important; max-block-size: initial !important; max-height: initial !important; max-inline-size: initial !important; max-width: initial !important; min-block-size: initial !important; min-height: initial !important; min-inline-size: initial !important; min-width: initial !important; mix-blend-mode: initial !important; object-fit: initial !important; object-position: initial !important; object-view-box: initial !important; offset: initial !important; opacity: initial !important; order: initial !important; orphans: initial !important; outline: initial !important; outline-offset: initial !important; overflow-anchor: initial !important; overflow-block: initial !important; overflow-clip-margin: initial !important; overflow-inline: initial !important; overflow-wrap: initial !important; overflow: initial !important; overlay: initial !important; overscroll-behavior-block: initial !important; overscroll-behavior-inline: initial !important; overscroll-behavior: initial !important; padding-block: initial !important; padding-inline-end: initial !important; padding-left: initial !important; padding-right: initial !important; page: initial !important; page-orientation: initial !important; paint-order: initial !important; perspective: initial !important; perspective-origin: initial !important; pointer-events: initial !important; position-try: initial !important; position-visibility: initial !important; print-color-adjust: initial !important; quotes: initial !important; r: initial !important; reading-flow: initial !important; reading-order: initial !important; resize: initial !important; rotate: initial !important; ruby-align: initial !important; ruby-position: initial !important; rx: initial !important; ry: initial !important; scale: initial !important; scroll-behavior: initial !important; scroll-initial-target: initial !important; scroll-margin-block: initial !important; scroll-margin: initial !important; scroll-margin-inline: initial !important; scroll-marker-group: initial !important; scroll-padding-block: initial !important; scroll-padding: initial !important; scroll-padding-inline: initial !important; scroll-snap-align: initial !important; scroll-snap-stop: initial !important; scroll-snap-type: initial !important; scroll-target-group: initial !important; scroll-timeline: initial !important; scrollbar-color: initial !important; scrollbar-gutter: initial !important; scrollbar-width: initial !important; shape-image-threshold: initial !important; shape-margin: initial !important; shape-outside: initial !important; shape-rendering: initial !important; size: initial !important; speak: initial !important; stop-color: initial !important; stop-opacity: initial !important; stroke: initial !important; stroke-dasharray: initial !important; stroke-dashoffset: initial !important; stroke-linecap: initial !important; stroke-linejoin: initial !important; stroke-miterlimit: initial !important; stroke-opacity: initial !important; stroke-width: initial !important; tab-size: initial !important; table-layout: initial !important; text-align-last: initial !important; text-anchor: initial !important; text-autospace: initial !important; text-box: initial !important; text-combine-upright: initial !important; text-decoration: initial !important; text-decoration-skip-ink: initial !important; text-emphasis: initial !important; text-emphasis-position: initial !important; text-indent: initial !important; text-justify: initial !important; text-overflow: initial !important; text-shadow: initial !important; text-transform: initial !important; text-underline-offset: initial !important; text-underline-position: initial !important; text-wrap: initial !important; timeline-scope: initial !important; timeline-trigger: initial !important; touch-action: initial !important; transform: initial !important; transform-box: initial !important; transform-origin: initial !important; transform-style: initial !important; transition: initial !important; translate: initial !important; trigger-scope: initial !important; user-select: initial !important; vector-effect: initial !important; vertical-align: initial !important; view-timeline: initial !important; view-transition-class: initial !important; view-transition-group: initial !important; view-transition-name: initial !important; view-transition-scope: initial !important; border-spacing: initial !important; -webkit-box-align: initial !important; -webkit-box-decoration-break: initial !important; -webkit-box-direction: initial !important; -webkit-box-flex: initial !important; -webkit-box-ordinal-group: initial !important; -webkit-box-orient: initial !important; -webkit-box-pack: initial !important; -webkit-box-reflect: initial !important; -webkit-line-break: initial !important; -webkit-line-clamp: initial !important; -webkit-mask-box-image: initial !important; -webkit-rtl-ordering: initial !important; -webkit-ruby-position: initial !important; -webkit-tap-highlight-color: initial !important; -webkit-text-combine: initial !important; -webkit-text-decorations-in-effect: initial !important; -webkit-text-security: initial !important; -webkit-text-stroke: initial !important; -webkit-user-drag: initial !important; white-space-collapse: initial !important; widows: initial !important; width: initial !important; will-change: initial !important; word-break: initial !important; word-spacing: initial !important; x: initial !important; y: initial !important; z-index: initial !important; -webkit-text-fill-color: unset !important; color: rgb(74, 74, 74) !important; cursor: inherit !important; direction: inherit !important; font-family: inherit !important; font-size: 18px !important; font-weight: 700 !important; text-align: inherit !important; text-orientation: inherit !important; visibility: inherit !important; writing-mode: inherit !important; border-radius: 2px !important; padding-inline-start: 16px !important; margin-bottom: 0px !important; padding-bottom: 14px !important; padding-top: 14px !important;">Discover more</span></div><div class="google-anno-skip goog-rentry" tabindex="0" role="link" aria-label="Programming" data-google-vignette="false" data-google-interstitial="false" style="color-scheme: initial !important; forced-color-adjust: initial !important; math-depth: initial !important; position: initial !important; position-anchor: initial !important; text-size-adjust: initial !important; appearance: initial !important; font-feature-settings: initial !important; font-kerning: initial !important; font-language-override: initial !important; font-optical-sizing: initial !important; font-palette: initial !important; font-size-adjust: initial !important; font-stretch: initial !important; font-synthesis: initial !important; font-variant: initial !important; font-variation-settings: initial !important; position-area: initial !important; text-rendering: initial !important; text-spacing-trim: initial !important; -webkit-font-smoothing: initial !important; -webkit-locale: initial !important; -webkit-text-orientation: initial !important; -webkit-writing-mode: initial !important; zoom: initial !important; accent-color: initial !important; align-content: initial !important; place-self: initial !important; alignment-baseline: initial !important; anchor-name: initial !important; anchor-scope: initial !important; animation-composition: initial !important; animation: initial !important; animation-trigger: initial !important; app-region: initial !important; aspect-ratio: initial !important; backdrop-filter: initial !important; backface-visibility: initial !important; background-blend-mode: initial !important; baseline-shift: initial !important; baseline-source: initial !important; block-size: initial !important; border-block: initial !important; border: initial !important; border-radius: initial !important; border-collapse: initial !important; border-end-end-radius: initial !important; border-end-start-radius: initial !important; border-inline: initial !important; border-shape: initial !important; border-start-end-radius: initial !important; border-start-start-radius: initial !important; inset: initial !important; box-decoration-break: initial !important; box-shadow: initial !important; break-after: initial !important; break-before: initial !important; break-inside: initial !important; buffered-rendering: initial !important; caption-side: initial !important; caret-animation: initial !important; caret-color: initial !important; caret-shape: initial !important; clear: initial !important; clip: initial !important; clip-path: initial !important; clip-rule: initial !important; color-interpolation: initial !important; color-interpolation-filters: initial !important; color-rendering: initial !important; columns: initial !important; column-fill: initial !important; gap: initial !important; column-rule: initial !important; column-span: initial !important; contain: initial !important; contain-intrinsic-block-size: initial !important; contain-intrinsic-size: initial !important; contain-intrinsic-inline-size: initial !important; container: initial !important; content: initial !important; content-visibility: initial !important; corner-shape: initial !important; corner-block-end-shape: initial !important; corner-block-start-shape: initial !important; counter-increment: initial !important; counter-reset: initial !important; counter-set: initial !important; cx: initial !important; cy: initial !important; d: initial !important; dominant-baseline: initial !important; dynamic-range-limit: initial !important; empty-cells: initial !important; field-sizing: initial !important; fill: initial !important; fill-opacity: initial !important; fill-rule: initial !important; filter: initial !important; flex: initial !important; flex-wrap: initial !important; float: initial !important; flood-color: initial !important; flood-opacity: initial !important; grid: initial !important; grid-area: initial !important; hyphenate-character: initial !important; hyphenate-limit-chars: initial !important; hyphens: initial !important; image-orientation: initial !important; image-rendering: initial !important; initial-letter: initial !important; inline-size: initial !important; inset-block: initial !important; inset-inline: initial !important; interactivity: initial !important; interest-delay: initial !important; interpolate-size: initial !important; isolation: initial !important; justify-items: initial !important; letter-spacing: initial !important; lighting-color: initial !important; line-break: initial !important; line-height: initial !important; list-style: initial !important; margin-block: initial !important; margin-inline: initial !important; margin-left: initial !important; margin-right: initial !important; margin-top: initial !important; marker: initial !important; mask: initial !important; mask-type: initial !important; math-shift: initial !important; math-style: initial !important; max-block-size: initial !important; max-height: initial !important; max-inline-size: initial !important; max-width: initial !important; min-block-size: initial !important; min-height: initial !important; min-inline-size: initial !important; mix-blend-mode: initial !important; object-fit: initial !important; object-position: initial !important; object-view-box: initial !important; offset: initial !important; opacity: initial !important; order: initial !important; orphans: initial !important; outline: initial !important; outline-offset: initial !important; overflow-anchor: initial !important; overflow-block: initial !important; overflow-clip-margin: initial !important; overflow-inline: initial !important; overflow-wrap: initial !important; overflow: initial !important; overlay: initial !important; overscroll-behavior-block: initial !important; overscroll-behavior-inline: initial !important; overscroll-behavior: initial !important; padding-block: initial !important; padding: initial !important; page: initial !important; page-orientation: initial !important; paint-order: initial !important; perspective: initial !important; perspective-origin: initial !important; pointer-events: initial !important; position-try: initial !important; position-visibility: initial !important; print-color-adjust: initial !important; quotes: initial !important; r: initial !important; reading-flow: initial !important; reading-order: initial !important; resize: initial !important; rotate: initial !important; ruby-align: initial !important; ruby-position: initial !important; rx: initial !important; ry: initial !important; scale: initial !important; scroll-behavior: initial !important; scroll-initial-target: initial !important; scroll-margin-block: initial !important; scroll-margin: initial !important; scroll-margin-inline: initial !important; scroll-marker-group: initial !important; scroll-padding-block: initial !important; scroll-padding: initial !important; scroll-padding-inline: initial !important; scroll-snap-align: initial !important; scroll-snap-stop: initial !important; scroll-snap-type: initial !important; scroll-target-group: initial !important; scroll-timeline: initial !important; scrollbar-color: initial !important; scrollbar-gutter: initial !important; scrollbar-width: initial !important; shape-image-threshold: initial !important; shape-margin: initial !important; shape-outside: initial !important; shape-rendering: initial !important; size: initial !important; speak: initial !important; stop-color: initial !important; stop-opacity: initial !important; stroke: initial !important; stroke-dasharray: initial !important; stroke-dashoffset: initial !important; stroke-linecap: initial !important; stroke-linejoin: initial !important; stroke-miterlimit: initial !important; stroke-opacity: initial !important; stroke-width: initial !important; tab-size: initial !important; table-layout: initial !important; text-align-last: initial !important; text-anchor: initial !important; text-autospace: initial !important; text-box: initial !important; text-combine-upright: initial !important; text-decoration: initial !important; text-decoration-skip-ink: initial !important; text-emphasis: initial !important; text-emphasis-position: initial !important; text-indent: initial !important; text-justify: initial !important; text-overflow: initial !important; text-shadow: initial !important; text-transform: initial !important; text-underline-offset: initial !important; text-underline-position: initial !important; text-wrap: initial !important; timeline-scope: initial !important; timeline-trigger: initial !important; touch-action: initial !important; transform: initial !important; transform-box: initial !important; transform-origin: initial !important; transform-style: initial !important; transition: initial !important; translate: initial !important; trigger-scope: initial !important; user-select: initial !important; vector-effect: initial !important; vertical-align: initial !important; view-timeline: initial !important; view-transition-class: initial !important; view-transition-group: initial !important; view-transition-name: initial !important; view-transition-sco
[...]
ht: initial !important; text-decoration: initial !important; text-decoration-skip-ink: initial !important; text-emphasis: initial !important; text-emphasis-position: initial !important; text-indent: initial !important; text-justify: initial !important; text-overflow: initial !important; text-shadow: initial !important; text-transform: initial !important; text-underline-offset: initial !important; text-underline-position: initial !important; text-wrap: initial !important; timeline-scope: initial !important; timeline-trigger: initial !important; touch-action: initial !important; transform: initial !important; transform-box: initial !important; transform-origin: initial !important; transform-style: initial !important; transition: initial !important; translate: initial !important; trigger-scope: initial !important; user-select: initial !important; vector-effect: initial !important; vertical-align: initial !important; view-timeline: initial !important; view-transition-class: initial !important; view-transition-group: initial !important; view-transition-name: initial !important; view-transition-scope: initial !important; border-spacing: initial !important; -webkit-box-align: initial !important; -webkit-box-decoration-break: initial !important; -webkit-box-direction: initial !important; -webkit-box-flex: initial !important; -webkit-box-ordinal-group: initial !important; -webkit-box-orient: initial !important; -webkit-box-pack: initial !important; -webkit-box-reflect: initial !important; -webkit-line-break: initial !important; -webkit-line-clamp: initial !important; -webkit-mask-box-image: initial !important; -webkit-rtl-ordering: initial !important; -webkit-ruby-position: initial !important; -webkit-tap-highlight-color: initial !important; -webkit-text-combine: initial !important; -webkit-text-decorations-in-effect: initial !important; -webkit-text-security: initial !important; -webkit-text-stroke: initial !important; -webkit-user-drag: initial !important; white-space-collapse: initial !important; widows: initial !important; will-change: initial !important; word-break: initial !important; word-spacing: initial !important; x: initial !important; y: initial !important; z-index: initial !important; -webkit-text-fill-color: unset !important; color: inherit !important; cursor: inherit !important; direction: inherit !important; font-family: inherit !important; font-size: inherit !important; font-weight: inherit !important; text-align: inherit !important; text-orientation: inherit !important; visibility: inherit !important; writing-mode: inherit !important; align-self: stretch !important; width: 100% !important; margin: 0px !important; padding: 0px !important;"></div></div></div></div></ins></div><p data-testid="note-card-updated-at" class="card-text mt-auto">May 30, 2026 at 19:30:50</p></div><div class="card-footer d-flex justify-content-between align-items-center" style="background-color: rgb(248, 249, 250);"><input class="form-check-input me-2" type="checkbox" data-testid="toggle-note-switch" id="switch" style="background-color: transparent; border-color: blue; transform: scale(1.2);"><div><a type="button" data-testid="note-view" class="btn btn-outline-primary me-1" href="/notes/app/notes/6a1b3aea51ccbd0297d56eda">View</a><button type="button" data-testid="note-edit" class="btn btn-outline-primary me-1">Edit</button><button data-testid="note-delete" class="btn btn-outline-danger">Delete</button></div></div>
  &amp#27;[32mThen &amp#27;[0m&amp#27;[32mthe UI note titled &amp#27;[0m&amp#27;[32m&amp#27;[1m"Budget Plan"&amp#27;[0m&amp#27;[32m should display category &amp#27;[0m&amp#27;[32m&amp#27;[1m"Personal"&amp#27;[0m&amp#27;[32m, title &amp#27;[0m&amp#27;[32m&amp#27;[1m"Budget Plan"&amp#27;[0m&amp#27;[32m, and description &amp#27;[0m&amp#27;[32m&amp#27;[1m"Monthly expense tracker"&amp#27;[0m &amp#27;[90m# com.practice.notes.stepdefinitions.E2eSteps.theUiNoteShouldDisplayFields(java.lang.String,java.lang.String,java.lang.String,java.lang.String)&amp#27;[0m
API Found note title: Budget Plan
  &amp#27;[32mAnd &amp#27;[0m&amp#27;[32mI retrieve note details for &amp#27;[0m&amp#27;[32m&amp#27;[1m"Budget Plan"&amp#27;[0m&amp#27;[32m via GET notes API&amp#27;[0m                                                                          &amp#27;[90m# com.practice.notes.stepdefinitions.E2eSteps.iRetrieveNoteDetailsViaApi(java.lang.String)&amp#27;[0m
  &amp#27;[32mThen &amp#27;[0m&amp#27;[32mthe API note fields should exactly match the UI note fields&amp#27;[0m                                                                         &amp#27;[90m# com.practice.notes.stepdefinitions.E2eSteps.apiNoteFieldsShouldExactlyMatchUi()&amp#27;[0m
]]></system-out>
    <system-err><![CDATA[May 31, 2026 1:00:39 AM org.openqa.selenium.devtools.CdpVersionFinder findNearestMatch
WARNING: Unable to find CDP implementation matching 148
May 31, 2026 1:00:39 AM org.openqa.selenium.chromium.ChromiumDriver lambda$new$5
WARNING: Unable to find version of CDP to use for 148.0.7778.217. You may need to include a dependency on a specific version of the CDP using something similar to `org.seleniumhq.selenium:selenium-devtools-v86:4.18.1` where the version ("v86") matches the version of the chromium-based browser you're using and the version number of the artifact is the same as Selenium's.
]]></system-err>
  </testcase>
  <testcase name="runScenario[&quot;Validate note deleted via API disappears from UI list (Scenario F)&quot;, &quot;E2E Hybrid Integration Scenarios&quot;](2)" classname="com.practice.notes.runner.E2eTestRunner" time="38.887">
    <system-out><![CDATA[
@e2e
Scenario: Validate note deleted via API disappears from UI list (Scenario F)                                         &amp#27;[90m# src/test/resources/features/e2e/notes_e2e.feature:13&amp#27;[0m
Cleaned up all existing notes for 'ansh@gmail.com' to guarantee a pristine database state.
  &amp#27;[32mGiven &amp#27;[0m&amp#27;[32mI open the Notes App home page&amp#27;[0m                                                                               &amp#27;[90m# com.practice.notes.stepdefinitions.CommonUiSteps.iOpenNotesAppHomePage()&amp#27;[0m
  &amp#27;[32mAnd &amp#27;[0m&amp#27;[32mI login via UI with email &amp#27;[0m&amp#27;[32m&amp#27;[1m"ansh@gmail.com"&amp#27;[0m&amp#27;[32m and password &amp#27;[0m&amp#27;[32m&amp#27;[1m"12345678"&amp#27;[0m                                             &amp#27;[90m# com.practice.notes.stepdefinitions.E2eSteps.iLoginViaUi(java.lang.String,java.lang.String)&amp#27;[0m
[DashboardPage] Set category to: Work (React-safe native setter)
[DashboardPage] Clicked note-submit button
[DashboardPage] Modal closed successfully.
  &amp#27;[32mWhen &amp#27;[0m&amp#27;[32mI create a new note with category &amp#27;[0m&amp#27;[32m&amp#27;[1m"Work"&amp#27;[0m&amp#27;[32m, title &amp#27;[0m&amp#27;[32m&amp#27;[1m"Meeting Notes"&amp#27;[0m&amp#27;[32m, and description &amp#27;[0m&amp#27;[32m&amp#27;[1m"Discussing project details"&amp#27;[0m &amp#27;[90m# com.practice.notes.stepdefinitions.CommonUiSteps.iCreateNewNote(java.lang.String,java.lang.String,java.lang.String)&amp#27;[0m
E2E Retrieved note ID for API deletion: 6a1b3b1051ccbd0297d56eef
  &amp#27;[32mAnd &amp#27;[0m&amp#27;[32mI retrieve the ID of the note titled &amp#27;[0m&amp#27;[32m&amp#27;[1m"Meeting Notes"&amp#27;[0m&amp#27;[32m via GET notes API&amp#27;[0m                                         &amp#27;[90m# com.practice.notes.stepdefinitions.E2eSteps.iRetrieveIdOfNoteViaApi(java.lang.String)&amp#27;[0m
  &amp#27;[32mAnd &amp#27;[0m&amp#27;[32mI execute DELETE note for that ID via API&amp#27;[0m                                                                      &amp#27;[90m# com.practice.notes.stepdefinitions.E2eSteps.iExecuteDeleteNoteViaApi()&amp#27;[0m
  &amp#27;[32mAnd &amp#27;[0m&amp#27;[32mI refresh the UI browser page&amp#27;[0m                                                                                  &amp#27;[90m# com.practice.notes.stepdefinitions.E2eSteps.iRefreshUiBrowser()&amp#27;[0m
  &amp#27;[32mThen &amp#27;[0m&amp#27;[32mthe note &amp#27;[0m&amp#27;[32m&amp#27;[1m"Meeting Notes"&amp#27;[0m&amp#27;[32m should be absent from the UI list&amp#27;[0m                                                    &amp#27;[90m# com.practice.notes.stepdefinitions.E2eSteps.noteShouldBeAbsentFromUiList(java.lang.String)&amp#27;[0m
]]></system-out>
    <system-err><![CDATA[May 31, 2026 1:01:17 AM org.openqa.selenium.devtools.CdpVersionFinder findNearestMatch
WARNING: Unable to find CDP implementation matching 148
May 31, 2026 1:01:17 AM org.openqa.selenium.chromium.ChromiumDriver lambda$new$5
WARNING: Unable to find version of CDP to use for 148.0.7778.217. You may need to include a dependency on a specific version of the CDP using something similar to `org.seleniumhq.selenium:selenium-devtools-v86:4.18.1` where the version ("v86") matches the version of the chromium-based browser you're using and the version number of the artifact is the same as Selenium's.
]]></system-err>
  </testcase>
  <testcase name="runScenario[&quot;Validate UI-created note persists in the list after a full page refresh (Scenario Q)&quot;, &quot;E2E Hybrid Integration Scenarios&quot;](3)" classname="com.practice.notes.runner.E2eTestRunner" time="24.558">
    <system-out><![CDATA[
@e2e
Scenario: Validate UI-created note persists in the list after a full page refresh (Scenario Q)                            &amp#27;[90m# src/test/resources/features/e2e/notes_e2e.feature:22&amp#27;[0m
Cleaned up all existing notes for 'ansh@gmail.com' to guarantee a pristine database state.
  &amp#27;[32mGiven &amp#27;[0m&amp#27;[32mI open the Notes App home page&amp#27;[0m                                                                                    &amp#27;[90m# com.practice.notes.stepdefinitions.CommonUiSteps.iOpenNotesAppHomePage()&amp#27;[0m
  &amp#27;[32mAnd &amp#27;[0m&amp#27;[32mI login via UI with email &amp#27;[0m&amp#27;[32m&amp#27;[1m"ansh@gmail.com"&amp#27;[0m&amp#27;[32m and password &amp#27;[0m&amp#27;[32m&amp#27;[1m"12345678"&amp#27;[0m                                                  &amp#27;[90m# com.practice.notes.stepdefinitions.E2eSteps.iLoginViaUi(java.lang.String,java.lang.String)&amp#27;[0m
[DashboardPage] Set category to: Home (React-safe native setter)
[DashboardPage] Clicked note-submit button
[DashboardPage] Modal closed successfully.
  &amp#27;[32mWhen &amp#27;[0m&amp#27;[32mI create a new note with category &amp#27;[0m&amp#27;[32m&amp#27;[1m"Home"&amp#27;[0m&amp#27;[32m, title &amp#27;[0m&amp#27;[32m&amp#27;[1m"Persist After Refresh"&amp#27;[0m&amp#27;[32m, and description &amp#27;[0m&amp#27;[32m&amp#27;[1m"Should survive a reload"&amp#27;[0m &amp#27;[90m# com.practice.notes.stepdefinitions.CommonUiSteps.iCreateNewNote(java.lang.String,java.lang.String,java.lang.String)&amp#27;[0m
  &amp#27;[32mAnd &amp#27;[0m&amp#27;[32mI refresh the UI browser page&amp#27;[0m                                                                                       &amp#27;[90m# com.practice.notes.stepdefinitions.E2eSteps.iRefreshUiBrowser()&amp#27;[0m
Observed Note Title on Dashboard: 'Persist After Refresh'
  &amp#27;[32mThen &amp#27;[0m&amp#27;[32mthe note &amp#27;[0m&amp#27;[32m&amp#27;[1m"Persist After Refresh"&amp#27;[0m&amp#27;[32m should be absent from the UI list is false&amp#27;[0m                                        &amp#27;[90m# com.practice.notes.stepdefinitions.E2eSteps.noteShouldBePresentInUiListAfterRefresh(java.lang.String)&amp#27;[0m
]]></system-out>
    <system-err><![CDATA[May 31, 2026 1:01:55 AM org.openqa.selenium.devtools.CdpVersionFinder findNearestMatch
WARNING: Unable to find CDP implementation matching 148
May 31, 2026 1:01:55 AM org.openqa.selenium.chromium.ChromiumDriver lambda$new$5
WARNING: Unable to find version of CDP to use for 148.0.7778.217. You may need to include a dependency on a specific version of the CDP using something similar to `org.seleniumhq.selenium:selenium-devtools-v86:4.18.1` where the version ("v86") matches the version of the chromium-based browser you're using and the version number of the artifact is the same as Selenium's.
]]></system-err>
  </testcase>
  <testcase name="runScenario[&quot;Validate two notes created via UI both appear in the API GET notes list (Scenario R)&quot;, &quot;E2E Hybrid Integration Scenarios&quot;](4)" classname="com.practice.notes.runner.E2eTestRunner" time="31.201">
    <system-out><![CDATA[
@e2e
Scenario: Validate two notes created via UI both appear in the API GET notes list (Scenario R)               &amp#27;[90m# src/test/resources/features/e2e/notes_e2e.feature:29&amp#27;[0m
Cleaned up all existing notes for 'ansh@gmail.com' to guarantee a pristine database state.
  &amp#27;[32mGiven &amp#27;[0m&amp#27;[32mI open the Notes App home page&amp#27;[0m                                                                       &amp#27;[90m# com.practice.notes.stepdefinitions.CommonUiSteps.iOpenNotesAppHomePage()&amp#27;[0m
Element click intercepted for By.cssSelector: button[type='submit']. Retrying with JS click.
  &amp#27;[32mAnd &amp#27;[0m&amp#27;[32mI login via UI with email &amp#27;[0m&amp#27;[32m&amp#27;[1m"ansh@gmail.com"&amp#27;[0m&amp#27;[32m and password &amp#27;[0m&amp#27;[32m&amp#27;[1m"12345678"&amp#27;[0m                                     &amp#27;[90m# com.practice.notes.stepdefinitions.E2eSteps.iLoginViaUi(java.lang.String,java.lang.String)&amp#27;[0m
[DashboardPage] Set category to: Work (React-safe native setter)
[DashboardPage] Clicked note-submit button
[DashboardPage] Modal closed successfully.
  &amp#27;[32mWhen &amp#27;[0m&amp#27;[32mI create a new note with category &amp#27;[0m&amp#27;[32m&amp#27;[1m"Work"&amp#27;[0m&amp#27;[32m, title &amp#27;[0m&amp#27;[32m&amp#27;[1m"E2E Note Alpha"&amp#27;[0m&amp#27;[32m, and description &amp#27;[0m&amp#27;[32m&amp#27;[1m"First E2E note"&amp#27;[0m    &amp#27;[90m# com.practice.notes.stepdefinitions.CommonUiSteps.iCreateNewNote(java.lang.String,java.lang.String,java.lang.String)&amp#27;[0m
[DashboardPage] Set category to: Personal (React-safe native setter)
[DashboardPage] Clicked note-submit button
[DashboardPage] Modal closed successfully.
  &amp#27;[32mAnd &amp#27;[0m&amp#27;[32mI create a new note with category &amp#27;[0m&amp#27;[32m&amp#27;[1m"Personal"&amp#27;[0m&amp#27;[32m, title &amp#27;[0m&amp#27;[32m&amp#27;[1m"E2E Note Beta"&amp#27;[0m&amp#27;[32m, and description &amp#27;[0m&amp#27;[32m&amp#27;[1m"Second E2E note"&amp#27;[0m &amp#27;[90m# com.practice.notes.stepdefinitions.CommonUiSteps.iCreateNewNote(java.lang.String,java.lang.String,java.lang.String)&amp#27;[0m
  &amp#27;[32mThen &amp#27;[0m&amp#27;[32mthe API should contain a note with title &amp#27;[0m&amp#27;[32m&amp#27;[1m"E2E Note Alpha"&amp#27;[0m                                             &amp#27;[90m# com.practice.notes.stepdefinitions.E2eSteps.apiShouldContainNoteWithTitle(java.lang.String)&amp#27;[0m
  &amp#27;[32mAnd &amp#27;[0m&amp#27;[32mthe API should contain a note with title &amp#27;[0m&amp#27;[32m&amp#27;[1m"E2E Note Beta"&amp#27;[0m                                               &amp#27;[90m# com.practice.notes.stepdefinitions.E2eSteps.apiShouldContainNoteWithTitle(java.lang.String)&amp#27;[0m
]]></system-out>
    <system-err><![CDATA[May 31, 2026 1:02:20 AM org.openqa.selenium.devtools.CdpVersionFinder findNearestMatch
WARNING: Unable to find CDP implementation matching 148
May 31, 2026 1:02:20 AM org.openqa.selenium.chromium.ChromiumDriver lambda$new$5
WARNING: Unable to find version of CDP to use for 148.0.7778.217. You may need to include a dependency on a specific version of the CDP using something similar to `org.seleniumhq.selenium:selenium-devtools-v86:4.18.1` where the version ("v86") matches the version of the chromium-based browser you're using and the version number of the artifact is the same as Selenium's.
]]></system-err>
  </testcase>
  <testcase name="runScenario[&quot;Validate the UI note count decreases by 1 after deleting a note via API (Scenario T)&quot;, &quot;E2E Hybrid Integration Scenarios&quot;](5)" classname="com.practice.notes.runner.E2eTestRunner" time="37.809">
    <system-out><![CDATA[
@e2e
Scenario: Validate the UI note count decreases by 1 after deleting a note via API (Scenario T)                           &amp#27;[90m# src/test/resources/features/e2e/notes_e2e.feature:38&amp#27;[0m
Cleaned up all existing notes for 'ansh@gmail.com' to guarantee a pristine database state.
  &amp#27;[32mGiven &amp#27;[0m&amp#27;[32mI open the Notes App home page&amp#27;[0m                                                                                   &amp#27;[90m# com.practice.notes.stepdefinitions.CommonUiSteps.iOpenNotesAppHomePage()&amp#27;[0m
  &amp#27;[32mAnd &amp#27;[0m&amp#27;[32mI login via UI with email &amp#27;[0m&amp#27;[32m&amp#27;[1m"ansh@gmail.com"&amp#27;[0m&amp#27;[32m and password &amp#27;[0m&amp#27;[32m&amp#27;[1m"12345678"&amp#27;[0m                                                 &amp#27;[90m# com.practice.notes.stepdefinitions.E2eSteps.iLoginViaUi(java.lang.String,java.lang.String)&amp#27;[0m
[DashboardPage] Set category to: Personal (React-safe native setter)
[DashboardPage] Clicked note-submit button
[DashboardPage] Modal closed successfully.
  &amp#27;[32mWhen &amp#27;[0m&amp#27;[32mI create a new note with category &amp#27;[0m&amp#27;[32m&amp#27;[1m"Personal"&amp#27;[0m&amp#27;[32m, title &amp#27;[0m&amp#27;[32m&amp#27;[1m"Count Check Note"&amp#27;[0m&amp#27;[32m, and description &amp#27;[0m&amp#27;[32m&amp#27;[1m"Will be deleted via API"&amp#27;[0m &amp#27;[90m# com.practice.notes.stepdefinitions.CommonUiSteps.iCreateNewNote(java.lang.String,java.lang.String,java.lang.String)&amp#27;[0m
Recorded UI note count: 1
  &amp#27;[32mAnd &amp#27;[0m&amp#27;[32mI record the current UI note count&amp#27;[0m                                                                                 &amp#27;[90m# com.practice.notes.stepdefinitions.E2eSteps.iRecordCurrentUiNoteCount()&amp#27;[0m
E2E Retrieved note ID for API deletion: 6a1b3b6c51ccbd0297d56f3e
  &amp#27;[32mAnd &amp#27;[0m&amp#27;[32mI retrieve the ID of the note titled &amp#27;[0m&amp#27;[32m&amp#27;[1m"Count Check Note"&amp#27;[0m&amp#27;[32m via GET notes API&amp#27;[0m                                          &amp#27;[90m# com.practice.notes.stepdefinitions.E2eSteps.iRetrieveIdOfNoteViaApi(java.lang.String)&amp#27;[0m
  &amp#27;[32mAnd &amp#27;[0m&amp#27;[32mI execute DELETE note for that ID via API&amp#27;[0m                                                                          &amp#27;[90m# com.practice.notes.stepdefinitions.E2eSteps.iExecuteDeleteNoteViaApi()&amp#27;[0m
  &amp#27;[32mAnd &amp#27;[0m&amp#27;[32mI refresh the UI browser page&amp#27;[0m                                                                                      &amp#27;[90m# com.practice.notes.stepdefinitions.E2eSteps.iRefreshUiBrowser()&amp#27;[0m
UI note count — before: 1, after: 0
  &amp#27;[32mThen &amp#27;[0m&amp#27;[32mthe UI note count should have decreased by &amp#27;[0m&amp#27;[32m&amp#27;[1m1&amp#27;[0m                                                                      &amp#27;[90m# com.practice.notes.stepdefinitions.E2eSteps.uiNoteCountShouldHaveDecreasedBy(int)&amp#27;[0m
]]></system-out>
    <system-err><![CDATA[May 31, 2026 1:02:52 AM org.openqa.selenium.devtools.CdpVersionFinder findNearestMatch
WARNING: Unable to find CDP implementation matching 148
May 31, 2026 1:02:52 AM org.openqa.selenium.chromium.ChromiumDriver lambda$new$5
WARNING: Unable to find version of CDP to use for 148.0.7778.217. You may need to include a dependency on a specific version of the CDP using something similar to `org.seleniumhq.selenium:selenium-devtools-v86:4.18.1` where the version ("v86") matches the version of the chromium-based browser you're using and the version number of the artifact is the same as Selenium's.
]]></system-err>
  </testcase>
</testsuite>