<?xml version="1.0" encoding="UTF-8"?>
<!-- Generated by org.testng.reporters.JUnitReportReporter -->
<testsuite hostname="LAPTOP-E0HTDIFK" failures="0" tests="7" name="com.practice.notes.runner.ApiTestRunner" time="28.456" errors="0" timestamp="2026-05-31T01:03:27 IST" skipped="0">
  <testcase classname="com.practice.notes.runner.ApiTestRunner" name="runScenario" time="4.992"/>
  <testcase classname="com.practice.notes.runner.ApiTestRunner" name="runScenario" time="4.350"/>
  <testcase classname="com.practice.notes.runner.ApiTestRunner" name="runScenario" time="4.264"/>
  <testcase classname="com.practice.notes.runner.ApiTestRunner" name="runScenario" time="7.341"/>
  <testcase classname="com.practice.notes.runner.ApiTestRunner" name="runScenario" time="2.712"/>
  <testcase classname="com.practice.notes.runner.ApiTestRunner" name="runScenario" time="1.742"/>
  <testcase classname="com.practice.notes.runner.ApiTestRunner" name="runScenario" time="3.055"/>
</testsuite> <!-- com.practice.notes.runner.ApiTestRunner -->
