<?xml version="1.0" encoding="UTF-8"?>
<!-- Generated by org.testng.reporters.JUnitReportReporter -->
<testsuite hostname="LAPTOP-E0HTDIFK" failures="0" tests="6" name="com.practice.notes.runner.UiTestRunner" time="155.906" errors="0" timestamp="2026-05-31T01:03:27 IST" skipped="0">
  <testcase classname="com.practice.notes.runner.UiTestRunner" name="runScenario" time="20.768"/>
  <testcase classname="com.practice.notes.runner.UiTestRunner" name="runScenario" time="39.119"/>
  <testcase classname="com.practice.notes.runner.UiTestRunner" name="runScenario" time="21.856"/>
  <testcase classname="com.practice.notes.runner.UiTestRunner" name="runScenario" time="26.139"/>
  <testcase classname="com.practice.notes.runner.UiTestRunner" name="runScenario" time="29.143"/>
  <testcase classname="com.practice.notes.runner.UiTestRunner" name="runScenario" time="18.881"/>
</testsuite> <!-- com.practice.notes.runner.UiTestRunner -->
